# JRE version: OpenJDK Runtime Environment (8.0_152-b01) (build 1.8.0_152-release-915-b01)
# Java VM: OpenJDK 64-Bit Server VM (25.152-b01 mixed mode windows-amd64 compressed oops)
Heap:
 PSYoungGen      total 102400K, used 26795K [0x00000000f5580000, 0x00000000fc400000, 0x0000000100000000)
  eden space 91648K, 29% used [0x00000000f5580000,0x00000000f6faaec8,0x00000000faf00000)
  from space 10752K, 0% used [0x00000000faf00000,0x00000000faf00000,0x00000000fb980000)
  to   space 8704K, 0% used [0x00000000fbb80000,0x00000000fbb80000,0x00000000fc400000)
 ParOldGen       total 60416K, used 16270K [0x00000000e0000000, 0x00000000e3b00000, 0x00000000f5580000)
  object space 60416K, 26% used [0x00000000e0000000,0x00000000e0fe3848,0x00000000e3b00000)
 Metaspace       used 38328K, capacity 39198K, committed 39384K, reserved 1083392K
  class space    used 5192K, capacity 5526K, committed 5632K, reserved 1048576K
GC Heap History (10 events):
Event: 9.179 GC heap before
{Heap before GC invocations=7 (full 1):
 PSYoungGen      total 68096K, used 65536K [0x00000000f5580000, 0x00000000f9a80000, 0x0000000100000000)
  eden space 65536K, 100% used [0x00000000f5580000,0x00000000f9580000,0x00000000f9580000)
  from space 2560K, 0% used [0x00000000f9580000,0x00000000f9580000,0x00000000f9800000)
  to   space 2560K, 0% used [0x00000000f9800000,0x00000000f9800000,0x00000000f9a80000)
 ParOldGen       total 43520K, used 12411K [0x00000000e0000000, 0x00000000e2a80000, 0x00000000f5580000)
  object space 43520K, 28% used [0x00000000e0000000,0x00000000e0c1ef18,0x00000000e2a80000)
 Metaspace       used 25616K, capacity 26146K, committed 26240K, reserved 1071104K
  class space    used 3536K, capacity 3682K, committed 3712K, reserved 1048576K
Event: 9.250 GC heap after
Heap after GC invocations=7 (full 1):
 PSYoungGen      total 60928K, used 2544K [0x00000000f5580000, 0x00000000fd080000, 0x0000000100000000)
  eden space 58368K, 0% used [0x00000000f5580000,0x00000000f5580000,0x00000000f8e80000)
  from space 2560K, 99% used [0x00000000f9800000,0x00000000f9a7c010,0x00000000f9a80000)
  to   space 9728K, 0% used [0x00000000f8e80000,0x00000000f8e80000,0x00000000f9800000)
 ParOldGen       total 43520K, used 16532K [0x00000000e0000000, 0x00000000e2a80000, 0x00000000f5580000)
  object space 43520K, 37% used [0x00000000e0000000,0x00000000e10253b0,0x00000000e2a80000)
 Metaspace       used 25616K, capacity 26146K, committed 26240K, reserved 1071104K
  class space    used 3536K, capacity 3682K, committed 3712K, reserved 1048576K
}
Event: 10.787 GC heap before
{Heap before GC invocations=8 (full 1):
 PSYoungGen      total 60928K, used 60912K [0x00000000f5580000, 0x00000000fd080000, 0x0000000100000000)
  eden space 58368K, 100% used [0x00000000f5580000,0x00000000f8e80000,0x00000000f8e80000)
  from space 2560K, 99% used [0x00000000f9800000,0x00000000f9a7c010,0x00000000f9a80000)
  to   space 9728K, 0% used [0x00000000f8e80000,0x00000000f8e80000,0x00000000f9800000)
 ParOldGen       total 43520K, used 16532K [0x00000000e0000000, 0x00000000e2a80000, 0x00000000f5580000)
  object space 43520K, 37% used [0x00000000e0000000,0x00000000e10253b0,0x00000000e2a80000)
 Metaspace       used 30925K, capacity 31602K, committed 31744K, reserved 1077248K
  class space    used 4300K, capacity 4584K, committed 4608K, reserved 1048576K
Event: 10.807 GC heap after
Heap after GC invocations=8 (full 1):
 PSYoungGen      total 68096K, used 8921K [0x00000000f5580000, 0x00000000fc600000, 0x0000000100000000)
  eden space 58368K, 0% used [0x00000000f5580000,0x00000000f5580000,0x00000000f8e80000)
  from space 9728K, 91% used [0x00000000f8e80000,0x00000000f97365a0,0x00000000f9800000)
  to   space 10752K, 0% used [0x00000000fbb80000,0x00000000fbb80000,0x00000000fc600000)
 ParOldGen       total 43520K, used 16604K [0x00000000e0000000, 0x00000000e2a80000, 0x00000000f5580000)
  object space 43520K, 38% used [0x00000000e0000000,0x00000000e10373c0,0x00000000e2a80000)
 Metaspace       used 30925K, capacity 31602K, committed 31744K, reserved 1077248K
  class space    used 4300K, capacity 4584K, committed 4608K, reserved 1048576K
}
Event: 12.429 GC heap before
{Heap before GC invocations=9 (full 1):
 PSYoungGen      total 68096K, used 67121K [0x00000000f5580000, 0x00000000fc600000, 0x0000000100000000)
  eden space 58368K, 99% used [0x00000000f5580000,0x00000000f8e56018,0x00000000f8e80000)
  from space 9728K, 91% used [0x00000000f8e80000,0x00000000f97365a0,0x00000000f9800000)
  to   space 10752K, 0% used [0x00000000fbb80000,0x00000000fbb80000,0x00000000fc600000)
 ParOldGen       total 43520K, used 16604K [0x00000000e0000000, 0x00000000e2a80000, 0x00000000f5580000)
  object space 43520K, 38% used [0x00000000e0000000,0x00000000e10373c0,0x00000000e2a80000)
 Metaspace       used 32139K, capacity 32848K, committed 33152K, reserved 1077248K
  class space    used 4393K, capacity 4657K, committed 4736K, reserved 1048576K
Event: 12.442 GC heap after
Heap after GC invocations=9 (full 1):
 PSYoungGen      total 100352K, used 7487K [0x00000000f5580000, 0x00000000fc400000, 0x0000000100000000)
  eden space 91648K, 0% used [0x00000000f5580000,0x00000000f5580000,0x00000000faf00000)
  from space 8704K, 86% used [0x00000000fbb80000,0x00000000fc2cfc30,0x00000000fc400000)
  to   space 10752K, 0% used [0x00000000faf00000,0x00000000faf00000,0x00000000fb980000)
 ParOldGen       total 43520K, used 16612K [0x00000000e0000000, 0x00000000e2a80000, 0x00000000f5580000)
  object space 43520K, 38% used [0x00000000e0000000,0x00000000e10393c0,0x00000000e2a80000)
 Metaspace       used 32139K, capacity 32848K, committed 33152K, reserved 1077248K
  class space    used 4393K, capacity 4657K, committed 4736K, reserved 1048576K
}
Event: 13.652 GC heap before
{Heap before GC invocations=10 (full 1):
 PSYoungGen      total 100352K, used 26245K [0x00000000f5580000, 0x00000000fc400000, 0x0000000100000000)
  eden space 91648K, 20% used [0x00000000f5580000,0x00000000f67d1a98,0x00000000faf00000)
  from space 8704K, 86% used [0x00000000fbb80000,0x00000000fc2cfc30,0x00000000fc400000)
  to   space 10752K, 0% used [0x00000000faf00000,0x00000000faf00000,0x00000000fb980000)
 ParOldGen       total 43520K, used 16612K [0x00000000e0000000, 0x00000000e2a80000, 0x00000000f5580000)
  object space 43520K, 38% used [0x00000000e0000000,0x00000000e10393c0,0x00000000e2a80000)
 Metaspace       used 34479K, capacity 35248K, committed 35416K, reserved 1079296K
  class space    used 4694K, capacity 4974K, committed 4992K, reserved 1048576K
Event: 13.704 GC heap after
Heap after GC invocations=10 (full 1):
 PSYoungGen      total 102400K, used 6879K [0x00000000f5580000, 0x00000000fc400000, 0x0000000100000000)
  eden space 91648K, 0% used [0x00000000f5580000,0x00000000f5580000,0x00000000faf00000)
  from space 10752K, 63% used [0x00000000faf00000,0x00000000fb5b7d20,0x00000000fb980000)
  to   space 8704K, 0% used [0x00000000fbb80000,0x00000000fbb80000,0x00000000fc400000)
 ParOldGen       total 43520K, used 19056K [0x00000000e0000000, 0x00000000e2a80000, 0x00000000f5580000)
  object space 43520K, 43% used [0x00000000e0000000,0x00000000e129c3e8,0x00000000e2a80000)
 Metaspace       used 34479K, capacity 35248K, committed 35416K, reserved 1079296K
  class space    used 4694K, capacity 4974K, committed 4992K, reserved 1048576K
}
Event: 13.704 GC heap before
{Heap before GC invocations=11 (full 2):
 PSYoungGen      total 102400K, used 6879K [0x00000000f5580000, 0x00000000fc400000, 0x0000000100000000)
  eden space 91648K, 0% used [0x00000000f5580000,0x00000000f5580000,0x00000000faf00000)
  from space 10752K, 63% used [0x00000000faf00000,0x00000000fb5b7d20,0x00000000fb980000)
  to   space 8704K, 0% used [0x00000000fbb80000,0x00000000fbb80000,0x00000000fc400000)
 ParOldGen       total 43520K, used 19056K [0x00000000e0000000, 0x00000000e2a80000, 0x00000000f5580000)
  object space 43520K, 43% used [0x00000000e0000000,0x00000000e129c3e8,0x00000000e2a80000)
 Metaspace       used 34479K, capacity 35248K, committed 35416K, reserved 1079296K
  class space    used 4694K, capacity 4974K, committed 4992K, reserved 1048576K
Event: 13.958 GC heap after
Heap after GC invocations=11 (full 2):
 PSYoungGen      total 102400K, used 0K [0x00000000f5580000, 0x00000000fc400000, 0x0000000100000000)
  eden space 91648K, 0% used [0x00000000f5580000,0x00000000f5580000,0x00000000faf00000)
  from space 10752K, 0% used [0x00000000faf00000,0x00000000faf00000,0x00000000fb980000)
  to   space 8704K, 0% used [0x00000000fbb80000,0x00000000fbb80000,0x00000000fc400000)
 ParOldGen       total 60416K, used 16270K [0x00000000e0000000, 0x00000000e3b00000, 0x00000000f5580000)
  object space 60416K, 26% used [0x00000000e0000000,0x00000000e0fe3848,0x00000000e3b00000)
 Metaspace       used 34479K, capacity 35248K, committed 35416K, reserved 1079296K
  class space    used 4694K, capacity 4974K, committed 4992K, reserved 1048576K
}

