# JRE version: OpenJDK Runtime Environment (8.0_152-b01) (build 1.8.0_152-release-915-b01)
# Java VM: OpenJDK 64-Bit Server VM (25.152-b01 mixed mode windows-amd64 compressed oops)
Heap:
 PSYoungGen      total 138240K, used 10284K [0x00000000f5580000, 0x0000000100000000, 0x0000000100000000)
  eden space 110080K, 9% used [0x00000000f5580000,0x00000000f5f8b1b0,0x00000000fc100000)
  from space 28160K, 0% used [0x00000000fe480000,0x00000000fe480000,0x0000000100000000)
  to   space 32256K, 0% used [0x00000000fc100000,0x00000000fc100000,0x00000000fe080000)
 ParOldGen       total 173568K, used 91630K [0x00000000e0000000, 0x00000000ea980000, 0x00000000f5580000)
  object space 173568K, 52% used [0x00000000e0000000,0x00000000e597b828,0x00000000ea980000)
 Metaspace       used 78002K, capacity 81744K, committed 82776K, reserved 1122304K
  class space    used 9625K, capacity 10443K, committed 10624K, reserved 1048576K
GC Heap History (10 events):
Event: 262.160 GC heap before
{Heap before GC invocations=56 (full 5):
 PSYoungGen      total 148992K, used 130352K [0x00000000f5580000, 0x00000000ffc80000, 0x0000000100000000)
  eden space 126976K, 100% used [0x00000000f5580000,0x00000000fd180000,0x00000000fd180000)
  from space 22016K, 15% used [0x00000000fe700000,0x00000000fea4c0b0,0x00000000ffc80000)
  to   space 22016K, 0% used [0x00000000fd180000,0x00000000fd180000,0x00000000fe700000)
 ParOldGen       total 128000K, used 99447K [0x00000000e0000000, 0x00000000e7d00000, 0x00000000f5580000)
  object space 128000K, 77% used [0x00000000e0000000,0x00000000e611dca8,0x00000000e7d00000)
 Metaspace       used 78745K, capacity 82566K, committed 82776K, reserved 1122304K
  class space    used 9710K, capacity 10549K, committed 10624K, reserved 1048576K
Event: 262.178 GC heap after
Heap after GC invocations=56 (full 5):
 PSYoungGen      total 148992K, used 18270K [0x00000000f5580000, 0x0000000100000000, 0x0000000100000000)
  eden space 126976K, 0% used [0x00000000f5580000,0x00000000f5580000,0x00000000fd180000)
  from space 22016K, 82% used [0x00000000fd180000,0x00000000fe357b00,0x00000000fe700000)
  to   space 25088K, 0% used [0x00000000fe780000,0x00000000fe780000,0x0000000100000000)
 ParOldGen       total 128000K, used 101191K [0x00000000e0000000, 0x00000000e7d00000, 0x00000000f5580000)
  object space 128000K, 79% used [0x00000000e0000000,0x00000000e62d1ca8,0x00000000e7d00000)
 Metaspace       used 78745K, capacity 82566K, committed 82776K, reserved 1122304K
  class space    used 9710K, capacity 10549K, committed 10624K, reserved 1048576K
}
Event: 263.389 GC heap before
{Heap before GC invocations=57 (full 5):
 PSYoungGen      total 148992K, used 145246K [0x00000000f5580000, 0x0000000100000000, 0x0000000100000000)
  eden space 126976K, 100% used [0x00000000f5580000,0x00000000fd180000,0x00000000fd180000)
  from space 22016K, 82% used [0x00000000fd180000,0x00000000fe357b00,0x00000000fe700000)
  to   space 25088K, 0% used [0x00000000fe780000,0x00000000fe780000,0x0000000100000000)
 ParOldGen       total 128000K, used 101191K [0x00000000e0000000, 0x00000000e7d00000, 0x00000000f5580000)
  object space 128000K, 79% used [0x00000000e0000000,0x00000000e62d1ca8,0x00000000e7d00000)
 Metaspace       used 78747K, capacity 82566K, committed 82776K, reserved 1122304K
  class space    used 9710K, capacity 10549K, committed 10624K, reserved 1048576K
Event: 263.413 GC heap after
Heap after GC invocations=57 (full 5):
 PSYoungGen      total 146432K, used 16064K [0x00000000f5580000, 0x0000000100000000, 0x0000000100000000)
  eden space 121344K, 0% used [0x00000000f5580000,0x00000000f5580000,0x00000000fcc00000)
  from space 25088K, 64% used [0x00000000fe780000,0x00000000ff730068,0x0000000100000000)
  to   space 26624K, 0% used [0x00000000fcc00000,0x00000000fcc00000,0x00000000fe600000)
 ParOldGen       total 128000K, used 102663K [0x00000000e0000000, 0x00000000e7d00000, 0x00000000f5580000)
  object space 128000K, 80% used [0x00000000e0000000,0x00000000e6441ca8,0x00000000e7d00000)
 Metaspace       used 78747K, capacity 82566K, committed 82776K, reserved 1122304K
  class space    used 9710K, capacity 10549K, committed 10624K, reserved 1048576K
}
Event: 263.858 GC heap before
{Heap before GC invocations=58 (full 5):
 PSYoungGen      total 146432K, used 137408K [0x00000000f5580000, 0x0000000100000000, 0x0000000100000000)
  eden space 121344K, 100% used [0x00000000f5580000,0x00000000fcc00000,0x00000000fcc00000)
  from space 25088K, 64% used [0x00000000fe780000,0x00000000ff730068,0x0000000100000000)
  to   space 26624K, 0% used [0x00000000fcc00000,0x00000000fcc00000,0x00000000fe600000)
 ParOldGen       total 128000K, used 102663K [0x00000000e0000000, 0x00000000e7d00000, 0x00000000f5580000)
  object space 128000K, 80% used [0x00000000e0000000,0x00000000e6441ca8,0x00000000e7d00000)
 Metaspace       used 78748K, capacity 82566K, committed 82776K, reserved 1122304K
  class space    used 9710K, capacity 10549K, committed 10624K, reserved 1048576K
Event: 263.882 GC heap after
Heap after GC invocations=58 (full 5):
 PSYoungGen      total 146432K, used 24918K [0x00000000f5580000, 0x0000000100000000, 0x0000000100000000)
  eden space 121344K, 0% used [0x00000000f5580000,0x00000000f5580000,0x00000000fcc00000)
  from space 25088K, 99% used [0x00000000fcc00000,0x00000000fe455a38,0x00000000fe480000)
  to   space 28160K, 0% used [0x00000000fe480000,0x00000000fe480000,0x0000000100000000)
 ParOldGen       total 128000K, used 103503K [0x00000000e0000000, 0x00000000e7d00000, 0x00000000f5580000)
  object space 128000K, 80% used [0x00000000e0000000,0x00000000e6513ca8,0x00000000e7d00000)
 Metaspace       used 78748K, capacity 82566K, committed 82776K, reserved 1122304K
  class space    used 9710K, capacity 10549K, committed 10624K, reserved 1048576K
}
Event: 264.305 GC heap before
{Heap before GC invocations=59 (full 5):
 PSYoungGen      total 146432K, used 146262K [0x00000000f5580000, 0x0000000100000000, 0x0000000100000000)
  eden space 121344K, 100% used [0x00000000f5580000,0x00000000fcc00000,0x00000000fcc00000)
  from space 25088K, 99% used [0x00000000fcc00000,0x00000000fe455a38,0x00000000fe480000)
  to   space 28160K, 0% used [0x00000000fe480000,0x00000000fe480000,0x0000000100000000)
 ParOldGen       total 128000K, used 103503K [0x00000000e0000000, 0x00000000e7d00000, 0x00000000f5580000)
  object space 128000K, 80% used [0x00000000e0000000,0x00000000e6513ca8,0x00000000e7d00000)
 Metaspace       used 78754K, capacity 82566K, committed 82776K, reserved 1122304K
  class space    used 9710K, capacity 10549K, committed 10624K, reserved 1048576K
Event: 264.335 GC heap after
Heap after GC invocations=59 (full 5):
 PSYoungGen      total 138240K, used 19999K [0x00000000f5580000, 0x0000000100000000, 0x0000000100000000)
  eden space 110080K, 0% used [0x00000000f5580000,0x00000000f5580000,0x00000000fc100000)
  from space 28160K, 71% used [0x00000000fe480000,0x00000000ff807f78,0x0000000100000000)
  to   space 32256K, 0% used [0x00000000fc100000,0x00000000fc100000,0x00000000fe080000)
 ParOldGen       total 128000K, used 120827K [0x00000000e0000000, 0x00000000e7d00000, 0x00000000f5580000)
  object space 128000K, 94% used [0x00000000e0000000,0x00000000e75feef0,0x00000000e7d00000)
 Metaspace       used 78754K, capacity 82566K, committed 82776K, reserved 1122304K
  class space    used 9710K, capacity 10549K, committed 10624K, reserved 1048576K
}
Event: 264.335 GC heap before
{Heap before GC invocations=60 (full 6):
 PSYoungGen      total 138240K, used 19999K [0x00000000f5580000, 0x0000000100000000, 0x0000000100000000)
  eden space 110080K, 0% used [0x00000000f5580000,0x00000000f5580000,0x00000000fc100000)
  from space 28160K, 71% used [0x00000000fe480000,0x00000000ff807f78,0x0000000100000000)
  to   space 32256K, 0% used [0x00000000fc100000,0x00000000fc100000,0x00000000fe080000)
 ParOldGen       total 128000K, used 120827K [0x00000000e0000000, 0x00000000e7d00000, 0x00000000f5580000)
  object space 128000K, 94% used [0x00000000e0000000,0x00000000e75feef0,0x00000000e7d00000)
 Metaspace       used 78754K, capacity 82566K, committed 82776K, reserved 1122304K
  class space    used 9710K, capacity 10549K, committed 10624K, reserved 1048576K
Event: 264.644 GC heap after
Heap after GC invocations=60 (full 6):
 PSYoungGen      total 138240K, used 0K [0x00000000f5580000, 0x0000000100000000, 0x0000000100000000)
  eden space 110080K, 0% used [0x00000000f5580000,0x00000000f5580000,0x00000000fc100000)
  from space 28160K, 0% used [0x00000000fe480000,0x00000000fe480000,0x0000000100000000)
  to   space 32256K, 0% used [0x00000000fc100000,0x00000000fc100000,0x00000000fe080000)
 ParOldGen       total 173568K, used 91630K [0x00000000e0000000, 0x00000000ea980000, 0x00000000f5580000)
  object space 173568K, 52% used [0x00000000e0000000,0x00000000e597b828,0x00000000ea980000)
 Metaspace       used 78002K, capacity 81744K, committed 82776K, reserved 1122304K
  class space    used 9625K, capacity 10443K, committed 10624K, reserved 1048576K
}

