# JRE version: OpenJDK Runtime Environment (8.0_152-b01) (build 1.8.0_152-release-915-b01)
# Java VM: OpenJDK 64-Bit Server VM (25.152-b01 mixed mode windows-amd64 compressed oops)
Heap:
 PSYoungGen      total 35328K, used 3304K [0x00000000f5580000, 0x00000000fa480000, 0x0000000100000000)
  eden space 32768K, 2% used [0x00000000f5580000,0x00000000f56402b0,0x00000000f7580000)
  from space 2560K, 99% used [0x00000000f7580000,0x00000000f77fa020,0x00000000f7800000)
  to   space 7680K, 0% used [0x00000000f9d00000,0x00000000f9d00000,0x00000000fa480000)
 ParOldGen       total 44032K, used 9255K [0x00000000e0000000, 0x00000000e2b00000, 0x00000000f5580000)
  object space 44032K, 21% used [0x00000000e0000000,0x00000000e0909f18,0x00000000e2b00000)
 Metaspace       used 15823K, capacity 16256K, committed 16512K, reserved 1062912K
  class space    used 2218K, capacity 2348K, committed 2432K, reserved 1048576K
GC Heap History (10 events):
Event: 1.167 GC heap before
{Heap before GC invocations=1 (full 0):
 PSYoungGen      total 18944K, used 16384K [0x00000000f5580000, 0x00000000f6a80000, 0x0000000100000000)
  eden space 16384K, 100% used [0x00000000f5580000,0x00000000f6580000,0x00000000f6580000)
  from space 2560K, 0% used [0x00000000f6800000,0x00000000f6800000,0x00000000f6a80000)
  to   space 2560K, 0% used [0x00000000f6580000,0x00000000f6580000,0x00000000f6800000)
 ParOldGen       total 44032K, used 0K [0x00000000e0000000, 0x00000000e2b00000, 0x00000000f5580000)
  object space 44032K, 0% used [0x00000000e0000000,0x00000000e0000000,0x00000000e2b00000)
 Metaspace       used 6216K, capacity 6440K, committed 6528K, reserved 1056768K
  class space    used 756K, capacity 813K, committed 896K, reserved 1048576K
Event: 1.171 GC heap after
Heap after GC invocations=1 (full 0):
 PSYoungGen      total 18944K, used 2538K [0x00000000f5580000, 0x00000000f6a80000, 0x0000000100000000)
  eden space 16384K, 0% used [0x00000000f5580000,0x00000000f5580000,0x00000000f6580000)
  from space 2560K, 99% used [0x00000000f6580000,0x00000000f67fa818,0x00000000f6800000)
  to   space 2560K, 0% used [0x00000000f6800000,0x00000000f6800000,0x00000000f6a80000)
 ParOldGen       total 44032K, used 728K [0x00000000e0000000, 0x00000000e2b00000, 0x00000000f5580000)
  object space 44032K, 1% used [0x00000000e0000000,0x00000000e00b60f0,0x00000000e2b00000)
 Metaspace       used 6216K, capacity 6440K, committed 6528K, reserved 1056768K
  class space    used 756K, capacity 813K, committed 896K, reserved 1048576K
}
Event: 1.478 GC heap before
{Heap before GC invocations=2 (full 0):
 PSYoungGen      total 18944K, used 18741K [0x00000000f5580000, 0x00000000f6a80000, 0x0000000100000000)
  eden space 16384K, 98% used [0x00000000f5580000,0x00000000f6552f38,0x00000000f6580000)
  from space 2560K, 99% used [0x00000000f6580000,0x00000000f67fa818,0x00000000f6800000)
  to   space 2560K, 0% used [0x00000000f6800000,0x00000000f6800000,0x00000000f6a80000)
 ParOldGen       total 44032K, used 728K [0x00000000e0000000, 0x00000000e2b00000, 0x00000000f5580000)
  object space 44032K, 1% used [0x00000000e0000000,0x00000000e00b60f0,0x00000000e2b00000)
 Metaspace       used 6970K, capacity 7176K, committed 7424K, reserved 1056768K
  class space    used 842K, capacity 909K, committed 1024K, reserved 1048576K
Event: 1.482 GC heap after
Heap after GC invocations=2 (full 0):
 PSYoungGen      total 18944K, used 2549K [0x00000000f5580000, 0x00000000f6a80000, 0x0000000100000000)
  eden space 16384K, 0% used [0x00000000f5580000,0x00000000f5580000,0x00000000f6580000)
  from space 2560K, 99% used [0x00000000f6800000,0x00000000f6a7d490,0x00000000f6a80000)
  to   space 2560K, 0% used [0x00000000f6580000,0x00000000f6580000,0x00000000f6800000)
 ParOldGen       total 44032K, used 983K [0x00000000e0000000, 0x00000000e2b00000, 0x00000000f5580000)
  object space 44032K, 2% used [0x00000000e0000000,0x00000000e00f5fb8,0x00000000e2b00000)
 Metaspace       used 6970K, capacity 7176K, committed 7424K, reserved 1056768K
  class space    used 842K, capacity 909K, committed 1024K, reserved 1048576K
}
Event: 1.829 GC heap before
{Heap before GC invocations=3 (full 0):
 PSYoungGen      total 18944K, used 18933K [0x00000000f5580000, 0x00000000f6a80000, 0x0000000100000000)
  eden space 16384K, 100% used [0x00000000f5580000,0x00000000f6580000,0x00000000f6580000)
  from space 2560K, 99% used [0x00000000f6800000,0x00000000f6a7d490,0x00000000f6a80000)
  to   space 2560K, 0% used [0x00000000f6580000,0x00000000f6580000,0x00000000f6800000)
 ParOldGen       total 44032K, used 983K [0x00000000e0000000, 0x00000000e2b00000, 0x00000000f5580000)
  object space 44032K, 2% used [0x00000000e0000000,0x00000000e00f5fb8,0x00000000e2b00000)
 Metaspace       used 8627K, capacity 8898K, committed 8960K, reserved 1056768K
  class space    used 1095K, capacity 1221K, committed 1280K, reserved 1048576K
Event: 1.838 GC heap after
Heap after GC invocations=3 (full 0):
 PSYoungGen      total 18944K, used 2552K [0x00000000f5580000, 0x00000000f7a80000, 0x0000000100000000)
  eden space 16384K, 0% used [0x00000000f5580000,0x00000000f5580000,0x00000000f6580000)
  from space 2560K, 99% used [0x00000000f6580000,0x00000000f67fe010,0x00000000f6800000)
  to   space 2560K, 0% used [0x00000000f7800000,0x00000000f7800000,0x00000000f7a80000)
 ParOldGen       total 44032K, used 2181K [0x00000000e0000000, 0x00000000e2b00000, 0x00000000f5580000)
  object space 44032K, 4% used [0x00000000e0000000,0x00000000e02216b8,0x00000000e2b00000)
 Metaspace       used 8627K, capacity 8898K, committed 8960K, reserved 1056768K
  class space    used 1095K, capacity 1221K, committed 1280K, reserved 1048576K
}
Event: 3.490 GC heap before
{Heap before GC invocations=4 (full 0):
 PSYoungGen      total 18944K, used 18936K [0x00000000f5580000, 0x00000000f7a80000, 0x0000000100000000)
  eden space 16384K, 100% used [0x00000000f5580000,0x00000000f6580000,0x00000000f6580000)
  from space 2560K, 99% used [0x00000000f6580000,0x00000000f67fe010,0x00000000f6800000)
  to   space 2560K, 0% used [0x00000000f7800000,0x00000000f7800000,0x00000000f7a80000)
 ParOldGen       total 44032K, used 2181K [0x00000000e0000000, 0x00000000e2b00000, 0x00000000f5580000)
  object space 44032K, 4% used [0x00000000e0000000,0x00000000e02216b8,0x00000000e2b00000)
 Metaspace       used 12336K, capacity 12732K, committed 12800K, reserved 1060864K
  class space    used 1648K, capacity 1770K, committed 1792K, reserved 1048576K
Event: 3.499 GC heap after
Heap after GC invocations=4 (full 0):
 PSYoungGen      total 35328K, used 2536K [0x00000000f5580000, 0x00000000f7a80000, 0x0000000100000000)
  eden space 32768K, 0% used [0x00000000f5580000,0x00000000f5580000,0x00000000f7580000)
  from space 2560K, 99% used [0x00000000f7800000,0x00000000f7a7a020,0x00000000f7a80000)
  to   space 2560K, 0% used [0x00000000f7580000,0x00000000f7580000,0x00000000f7800000)
 ParOldGen       total 44032K, used 4729K [0x00000000e0000000, 0x00000000e2b00000, 0x00000000f5580000)
  object space 44032K, 10% used [0x00000000e0000000,0x00000000e049e430,0x00000000e2b00000)
 Metaspace       used 12336K, capacity 12732K, committed 12800K, reserved 1060864K
  class space    used 1648K, capacity 1770K, committed 1792K, reserved 1048576K
}
Event: 4.082 GC heap before
{Heap before GC invocations=5 (full 0):
 PSYoungGen      total 35328K, used 35304K [0x00000000f5580000, 0x00000000f7a80000, 0x0000000100000000)
  eden space 32768K, 100% used [0x00000000f5580000,0x00000000f7580000,0x00000000f7580000)
  from space 2560K, 99% used [0x00000000f7800000,0x00000000f7a7a020,0x00000000f7a80000)
  to   space 2560K, 0% used [0x00000000f7580000,0x00000000f7580000,0x00000000f7800000)
 ParOldGen       total 44032K, used 4729K [0x00000000e0000000, 0x00000000e2b00000, 0x00000000f5580000)
  object space 44032K, 10% used [0x00000000e0000000,0x00000000e049e430,0x00000000e2b00000)
 Metaspace       used 15764K, capacity 16192K, committed 16512K, reserved 1062912K
  class space    used 2211K, capacity 2348K, committed 2432K, reserved 1048576K
Event: 4.092 GC heap after
Heap after GC invocations=5 (full 0):
 PSYoungGen      total 35328K, used 2536K [0x00000000f5580000, 0x00000000fa480000, 0x0000000100000000)
  eden space 32768K, 0% used [0x00000000f5580000,0x00000000f5580000,0x00000000f7580000)
  from space 2560K, 99% used [0x00000000f7580000,0x00000000f77fa020,0x00000000f7800000)
  to   space 7680K, 0% used [0x00000000f9d00000,0x00000000f9d00000,0x00000000fa480000)
 ParOldGen       total 44032K, used 9255K [0x00000000e0000000, 0x00000000e2b00000, 0x00000000f5580000)
  object space 44032K, 21% used [0x00000000e0000000,0x00000000e0909f18,0x00000000e2b00000)
 Metaspace       used 15764K, capacity 16192K, committed 16512K, reserved 1062912K
  class space    used 2211K, capacity 2348K, committed 2432K, reserved 1048576K
}

