# JRE version: OpenJDK Runtime Environment (8.0_152-b01) (build 1.8.0_152-release-915-b01)
# Java VM: OpenJDK 64-Bit Server VM (25.152-b01 mixed mode windows-amd64 compressed oops)
Heap:
 PSYoungGen      total 139776K, used 14119K [0x00000000f5580000, 0x0000000100000000, 0x0000000100000000)
  eden space 103424K, 0% used [0x00000000f5580000,0x00000000f5635380,0x00000000fba80000)
  from space 36352K, 36% used [0x00000000fdc80000,0x00000000fe994978,0x0000000100000000)
  to   space 34816K, 0% used [0x00000000fba80000,0x00000000fba80000,0x00000000fdc80000)
 ParOldGen       total 143360K, used 62142K [0x00000000e0000000, 0x00000000e8c00000, 0x00000000f5580000)
  object space 143360K, 43% used [0x00000000e0000000,0x00000000e3cafba8,0x00000000e8c00000)
 Metaspace       used 74970K, capacity 78414K, committed 79832K, reserved 1118208K
  class space    used 9374K, capacity 10170K, committed 10496K, reserved 1048576K
GC Heap History (10 events):
Event: 2153.720 GC heap before
{Heap before GC invocations=28 (full 3):
 PSYoungGen      total 135680K, used 128106K [0x00000000f5580000, 0x00000000ff900000, 0x0000000100000000)
  eden space 115200K, 100% used [0x00000000f5580000,0x00000000fc600000,0x00000000fc600000)
  from space 20480K, 63% used [0x00000000fe500000,0x00000000ff19a830,0x00000000ff900000)
  to   space 26112K, 0% used [0x00000000fc600000,0x00000000fc600000,0x00000000fdf80000)
 ParOldGen       total 84992K, used 66702K [0x00000000e0000000, 0x00000000e5300000, 0x00000000f5580000)
  object space 84992K, 78% used [0x00000000e0000000,0x00000000e4123b38,0x00000000e5300000)
 Metaspace       used 76046K, capacity 79538K, committed 79832K, reserved 1118208K
  class space    used 9556K, capacity 10395K, committed 10496K, reserved 1048576K
Event: 2153.785 GC heap after
Heap after GC invocations=28 (full 3):
 PSYoungGen      total 141312K, used 26091K [0x00000000f5580000, 0x0000000100000000, 0x0000000100000000)
  eden space 115200K, 0% used [0x00000000f5580000,0x00000000f5580000,0x00000000fc600000)
  from space 26112K, 99% used [0x00000000fc600000,0x00000000fdf7ace8,0x00000000fdf80000)
  to   space 33280K, 0% used [0x00000000fdf80000,0x00000000fdf80000,0x0000000100000000)
 ParOldGen       total 84992K, used 80468K [0x00000000e0000000, 0x00000000e5300000, 0x00000000f5580000)
  object space 84992K, 94% used [0x00000000e0000000,0x00000000e4e95300,0x00000000e5300000)
 Metaspace       used 76046K, capacity 79538K, committed 79832K, reserved 1118208K
  class space    used 9556K, capacity 10395K, committed 10496K, reserved 1048576K
}
Event: 2153.785 GC heap before
{Heap before GC invocations=29 (full 4):
 PSYoungGen      total 141312K, used 26091K [0x00000000f5580000, 0x0000000100000000, 0x0000000100000000)
  eden space 115200K, 0% used [0x00000000f5580000,0x00000000f5580000,0x00000000fc600000)
  from space 26112K, 99% used [0x00000000fc600000,0x00000000fdf7ace8,0x00000000fdf80000)
  to   space 33280K, 0% used [0x00000000fdf80000,0x00000000fdf80000,0x0000000100000000)
 ParOldGen       total 84992K, used 80468K [0x00000000e0000000, 0x00000000e5300000, 0x00000000f5580000)
  object space 84992K, 94% used [0x00000000e0000000,0x00000000e4e95300,0x00000000e5300000)
 Metaspace       used 76046K, capacity 79538K, committed 79832K, reserved 1118208K
  class space    used 9556K, capacity 10395K, committed 10496K, reserved 1048576K
Event: 2154.411 GC heap after
Heap after GC invocations=29 (full 4):
 PSYoungGen      total 141312K, used 0K [0x00000000f5580000, 0x0000000100000000, 0x0000000100000000)
  eden space 115200K, 0% used [0x00000000f5580000,0x00000000f5580000,0x00000000fc600000)
  from space 26112K, 0% used [0x00000000fc600000,0x00000000fc600000,0x00000000fdf80000)
  to   space 33280K, 0% used [0x00000000fdf80000,0x00000000fdf80000,0x0000000100000000)
 ParOldGen       total 143360K, used 62126K [0x00000000e0000000, 0x00000000e8c00000, 0x00000000f5580000)
  object space 143360K, 43% used [0x00000000e0000000,0x00000000e3cabba8,0x00000000e8c00000)
 Metaspace       used 73204K, capacity 76096K, committed 79832K, reserved 1118208K
  class space    used 9209K, capacity 9897K, committed 10496K, reserved 1048576K
}
Event: 2284.797 GC heap before
{Heap before GC invocations=30 (full 4):
 PSYoungGen      total 141312K, used 115200K [0x00000000f5580000, 0x0000000100000000, 0x0000000100000000)
  eden space 115200K, 100% used [0x00000000f5580000,0x00000000fc600000,0x00000000fc600000)
  from space 26112K, 0% used [0x00000000fc600000,0x00000000fc600000,0x00000000fdf80000)
  to   space 33280K, 0% used [0x00000000fdf80000,0x00000000fdf80000,0x0000000100000000)
 ParOldGen       total 143360K, used 62126K [0x00000000e0000000, 0x00000000e8c00000, 0x00000000f5580000)
  object space 143360K, 43% used [0x00000000e0000000,0x00000000e3cabba8,0x00000000e8c00000)
 Metaspace       used 73930K, capacity 77198K, committed 79832K, reserved 1118208K
  class space    used 9286K, capacity 10060K, committed 10496K, reserved 1048576K
Event: 2284.820 GC heap after
Heap after GC invocations=30 (full 4):
 PSYoungGen      total 139264K, used 9030K [0x00000000f5580000, 0x0000000100000000, 0x0000000100000000)
  eden space 105984K, 0% used [0x00000000f5580000,0x00000000f5580000,0x00000000fbd00000)
  from space 33280K, 27% used [0x00000000fdf80000,0x00000000fe851950,0x0000000100000000)
  to   space 34304K, 0% used [0x00000000fbd00000,0x00000000fbd00000,0x00000000fde80000)
 ParOldGen       total 143360K, used 62126K [0x00000000e0000000, 0x00000000e8c00000, 0x00000000f5580000)
  object space 143360K, 43% used [0x00000000e0000000,0x00000000e3cabba8,0x00000000e8c00000)
 Metaspace       used 73930K, capacity 77198K, committed 79832K, reserved 1118208K
  class space    used 9286K, capacity 10060K, committed 10496K, reserved 1048576K
}
Event: 2287.675 GC heap before
{Heap before GC invocations=31 (full 4):
 PSYoungGen      total 139264K, used 115014K [0x00000000f5580000, 0x0000000100000000, 0x0000000100000000)
  eden space 105984K, 100% used [0x00000000f5580000,0x00000000fbd00000,0x00000000fbd00000)
  from space 33280K, 27% used [0x00000000fdf80000,0x00000000fe851950,0x0000000100000000)
  to   space 34304K, 0% used [0x00000000fbd00000,0x00000000fbd00000,0x00000000fde80000)
 ParOldGen       total 143360K, used 62126K [0x00000000e0000000, 0x00000000e8c00000, 0x00000000f5580000)
  object space 143360K, 43% used [0x00000000e0000000,0x00000000e3cabba8,0x00000000e8c00000)
 Metaspace       used 74491K, capacity 77858K, committed 79832K, reserved 1118208K
  class space    used 9334K, capacity 10135K, committed 10496K, reserved 1048576K
Event: 2287.704 GC heap after
Heap after GC invocations=31 (full 4):
 PSYoungGen      total 131584K, used 25550K [0x00000000f5580000, 0x0000000100000000, 0x0000000100000000)
  eden space 105984K, 0% used [0x00000000f5580000,0x00000000f5580000,0x00000000fbd00000)
  from space 25600K, 99% used [0x00000000fbd00000,0x00000000fd5f3a68,0x00000000fd600000)
  to   space 36352K, 0% used [0x00000000fdc80000,0x00000000fdc80000,0x0000000100000000)
 ParOldGen       total 143360K, used 62134K [0x00000000e0000000, 0x00000000e8c00000, 0x00000000f5580000)
  object space 143360K, 43% used [0x00000000e0000000,0x00000000e3cadba8,0x00000000e8c00000)
 Metaspace       used 74491K, capacity 77858K, committed 79832K, reserved 1118208K
  class space    used 9334K, capacity 10135K, committed 10496K, reserved 1048576K
}
Event: 2290.476 GC heap before
{Heap before GC invocations=32 (full 4):
 PSYoungGen      total 131584K, used 131534K [0x00000000f5580000, 0x0000000100000000, 0x0000000100000000)
  eden space 105984K, 100% used [0x00000000f5580000,0x00000000fbd00000,0x00000000fbd00000)
  from space 25600K, 99% used [0x00000000fbd00000,0x00000000fd5f3a68,0x00000000fd600000)
  to   space 36352K, 0% used [0x00000000fdc80000,0x00000000fdc80000,0x0000000100000000)
 ParOldGen       total 143360K, used 62134K [0x00000000e0000000, 0x00000000e8c00000, 0x00000000f5580000)
  object space 143360K, 43% used [0x00000000e0000000,0x00000000e3cadba8,0x00000000e8c00000)
 Metaspace       used 74969K, capacity 78414K, committed 79832K, reserved 1118208K
  class space    used 9374K, capacity 10170K, committed 10496K, reserved 1048576K
Event: 2290.510 GC heap after
Heap after GC invocations=32 (full 4):
 PSYoungGen      total 139776K, used 13394K [0x00000000f5580000, 0x0000000100000000, 0x0000000100000000)
  eden space 103424K, 0% used [0x00000000f5580000,0x00000000f5580000,0x00000000fba80000)
  from space 36352K, 36% used [0x00000000fdc80000,0x00000000fe994978,0x0000000100000000)
  to   space 34816K, 0% used [0x00000000fba80000,0x00000000fba80000,0x00000000fdc80000)
 ParOldGen       total 143360K, used 62142K [0x00000000e0000000, 0x00000000e8c00000, 0x00000000f5580000)
  object space 143360K, 43% used [0x00000000e0000000,0x00000000e3cafba8,0x00000000e8c00000)
 Metaspace       used 74969K, capacity 78414K, committed 79832K, reserved 1118208K
  class space    used 9374K, capacity 10170K, committed 10496K, reserved 1048576K
}

