# JRE version: OpenJDK Runtime Environment (8.0_152-b01) (build 1.8.0_152-release-915-b01)
# Java VM: OpenJDK 64-Bit Server VM (25.152-b01 mixed mode windows-amd64 compressed oops)
Heap:
 PSYoungGen      total 120832K, used 44288K [0x00000000f5580000, 0x00000000fdb00000, 0x0000000100000000)
  eden space 108544K, 30% used [0x00000000f5580000,0x00000000f75d5630,0x00000000fbf80000)
  from space 12288K, 90% used [0x00000000fcc80000,0x00000000fd76ab88,0x00000000fd880000)
  to   space 13312K, 0% used [0x00000000fbf80000,0x00000000fbf80000,0x00000000fcc80000)
 ParOldGen       total 63488K, used 16683K [0x00000000e0000000, 0x00000000e3e00000, 0x00000000f5580000)
  object space 63488K, 26% used [0x00000000e0000000,0x00000000e104ad98,0x00000000e3e00000)
 Metaspace       used 43124K, capacity 44270K, committed 44376K, reserved 1087488K
  class space    used 5797K, capacity 6195K, committed 6272K, reserved 1048576K
GC Heap History (10 events):
Event: 5.868 GC heap before
{Heap before GC invocations=8 (full 1):
 PSYoungGen      total 72192K, used 64512K [0x00000000f5580000, 0x00000000fa680000, 0x0000000100000000)
  eden space 64512K, 100% used [0x00000000f5580000,0x00000000f9480000,0x00000000f9480000)
  from space 7680K, 0% used [0x00000000f9d00000,0x00000000f9d00000,0x00000000fa480000)
  to   space 8704K, 0% used [0x00000000f9480000,0x00000000f9480000,0x00000000f9d00000)
 ParOldGen       total 43520K, used 12330K [0x00000000e0000000, 0x00000000e2a80000, 0x00000000f5580000)
  object space 43520K, 28% used [0x00000000e0000000,0x00000000e0c0a878,0x00000000e2a80000)
 Metaspace       used 25502K, capacity 26014K, committed 26240K, reserved 1071104K
  class space    used 3527K, capacity 3682K, committed 3712K, reserved 1048576K
Event: 5.884 GC heap after
Heap after GC invocations=8 (full 1):
 PSYoungGen      total 73216K, used 6531K [0x00000000f5580000, 0x00000000fc080000, 0x0000000100000000)
  eden space 64512K, 0% used [0x00000000f5580000,0x00000000f5580000,0x00000000f9480000)
  from space 8704K, 75% used [0x00000000f9480000,0x00000000f9ae0fe0,0x00000000f9d00000)
  to   space 9216K, 0% used [0x00000000fb780000,0x00000000fb780000,0x00000000fc080000)
 ParOldGen       total 43520K, used 12338K [0x00000000e0000000, 0x00000000e2a80000, 0x00000000f5580000)
  object space 43520K, 28% used [0x00000000e0000000,0x00000000e0c0c878,0x00000000e2a80000)
 Metaspace       used 25502K, capacity 26014K, committed 26240K, reserved 1071104K
  class space    used 3527K, capacity 3682K, committed 3712K, reserved 1048576K
}
Event: 7.347 GC heap before
{Heap before GC invocations=9 (full 1):
 PSYoungGen      total 73216K, used 71043K [0x00000000f5580000, 0x00000000fc080000, 0x0000000100000000)
  eden space 64512K, 100% used [0x00000000f5580000,0x00000000f9480000,0x00000000f9480000)
  from space 8704K, 75% used [0x00000000f9480000,0x00000000f9ae0fe0,0x00000000f9d00000)
  to   space 9216K, 0% used [0x00000000fb780000,0x00000000fb780000,0x00000000fc080000)
 ParOldGen       total 43520K, used 12338K [0x00000000e0000000, 0x00000000e2a80000, 0x00000000f5580000)
  object space 43520K, 28% used [0x00000000e0000000,0x00000000e0c0c878,0x00000000e2a80000)
 Metaspace       used 31204K, capacity 31854K, committed 32000K, reserved 1077248K
  class space    used 4314K, capacity 4584K, committed 4608K, reserved 1048576K
Event: 7.362 GC heap after
Heap after GC invocations=9 (full 1):
 PSYoungGen      total 98816K, used 9194K [0x00000000f5580000, 0x00000000fc280000, 0x0000000100000000)
  eden space 89600K, 0% used [0x00000000f5580000,0x00000000f5580000,0x00000000fad00000)
  from space 9216K, 99% used [0x00000000fb780000,0x00000000fc07aad8,0x00000000fc080000)
  to   space 10752K, 0% used [0x00000000fad00000,0x00000000fad00000,0x00000000fb780000)
 ParOldGen       total 43520K, used 13089K [0x00000000e0000000, 0x00000000e2a80000, 0x00000000f5580000)
  object space 43520K, 30% used [0x00000000e0000000,0x00000000e0cc85d0,0x00000000e2a80000)
 Metaspace       used 31204K, capacity 31854K, committed 32000K, reserved 1077248K
  class space    used 4314K, capacity 4584K, committed 4608K, reserved 1048576K
}
Event: 9.652 GC heap before
{Heap before GC invocations=10 (full 1):
 PSYoungGen      total 98816K, used 82208K [0x00000000f5580000, 0x00000000fc280000, 0x0000000100000000)
  eden space 89600K, 81% used [0x00000000f5580000,0x00000000f9ccd5a0,0x00000000fad00000)
  from space 9216K, 99% used [0x00000000fb780000,0x00000000fc07aad8,0x00000000fc080000)
  to   space 10752K, 0% used [0x00000000fad00000,0x00000000fad00000,0x00000000fb780000)
 ParOldGen       total 43520K, used 13089K [0x00000000e0000000, 0x00000000e2a80000, 0x00000000f5580000)
  object space 43520K, 30% used [0x00000000e0000000,0x00000000e0cc85d0,0x00000000e2a80000)
 Metaspace       used 34495K, capacity 35244K, committed 35416K, reserved 1079296K
  class space    used 4695K, capacity 4974K, committed 4992K, reserved 1048576K
Event: 9.667 GC heap after
Heap after GC invocations=10 (full 1):
 PSYoungGen      total 100352K, used 10432K [0x00000000f5580000, 0x00000000fd880000, 0x0000000100000000)
  eden space 89600K, 0% used [0x00000000f5580000,0x00000000f5580000,0x00000000fad00000)
  from space 10752K, 97% used [0x00000000fad00000,0x00000000fb730030,0x00000000fb780000)
  to   space 12288K, 0% used [0x00000000fcc80000,0x00000000fcc80000,0x00000000fd880000)
 ParOldGen       total 43520K, used 13161K [0x00000000e0000000, 0x00000000e2a80000, 0x00000000f5580000)
  object space 43520K, 30% used [0x00000000e0000000,0x00000000e0cda5e0,0x00000000e2a80000)
 Metaspace       used 34495K, capacity 35244K, committed 35416K, reserved 1079296K
  class space    used 4695K, capacity 4974K, committed 4992K, reserved 1048576K
}
Event: 9.667 GC heap before
{Heap before GC invocations=11 (full 2):
 PSYoungGen      total 100352K, used 10432K [0x00000000f5580000, 0x00000000fd880000, 0x0000000100000000)
  eden space 89600K, 0% used [0x00000000f5580000,0x00000000f5580000,0x00000000fad00000)
  from space 10752K, 97% used [0x00000000fad00000,0x00000000fb730030,0x00000000fb780000)
  to   space 12288K, 0% used [0x00000000fcc80000,0x00000000fcc80000,0x00000000fd880000)
 ParOldGen       total 43520K, used 13161K [0x00000000e0000000, 0x00000000e2a80000, 0x00000000f5580000)
  object space 43520K, 30% used [0x00000000e0000000,0x00000000e0cda5e0,0x00000000e2a80000)
 Metaspace       used 34495K, capacity 35244K, committed 35416K, reserved 1079296K
  class space    used 4695K, capacity 4974K, committed 4992K, reserved 1048576K
Event: 9.754 GC heap after
Heap after GC invocations=11 (full 2):
 PSYoungGen      total 100352K, used 0K [0x00000000f5580000, 0x00000000fd880000, 0x0000000100000000)
  eden space 89600K, 0% used [0x00000000f5580000,0x00000000f5580000,0x00000000fad00000)
  from space 10752K, 0% used [0x00000000fad00000,0x00000000fad00000,0x00000000fb780000)
  to   space 12288K, 0% used [0x00000000fcc80000,0x00000000fcc80000,0x00000000fd880000)
 ParOldGen       total 63488K, used 16675K [0x00000000e0000000, 0x00000000e3e00000, 0x00000000f5580000)
  object space 63488K, 26% used [0x00000000e0000000,0x00000000e1048d98,0x00000000e3e00000)
 Metaspace       used 34495K, capacity 35244K, committed 35416K, reserved 1079296K
  class space    used 4695K, capacity 4974K, committed 4992K, reserved 1048576K
}
Event: 11.493 GC heap before
{Heap before GC invocations=12 (full 2):
 PSYoungGen      total 100352K, used 89600K [0x00000000f5580000, 0x00000000fd880000, 0x0000000100000000)
  eden space 89600K, 100% used [0x00000000f5580000,0x00000000fad00000,0x00000000fad00000)
  from space 10752K, 0% used [0x00000000fad00000,0x00000000fad00000,0x00000000fb780000)
  to   space 12288K, 0% used [0x00000000fcc80000,0x00000000fcc80000,0x00000000fd880000)
 ParOldGen       total 63488K, used 16675K [0x00000000e0000000, 0x00000000e3e00000, 0x00000000f5580000)
  object space 63488K, 26% used [0x00000000e0000000,0x00000000e1048d98,0x00000000e3e00000)
 Metaspace       used 41519K, capacity 42390K, committed 42456K, reserved 1085440K
  class space    used 5536K, capacity 5874K, committed 5888K, reserved 1048576K
Event: 11.511 GC heap after
Heap after GC invocations=12 (full 2):
 PSYoungGen      total 120832K, used 11178K [0x00000000f5580000, 0x00000000fdb00000, 0x0000000100000000)
  eden space 108544K, 0% used [0x00000000f5580000,0x00000000f5580000,0x00000000fbf80000)
  from space 12288K, 90% used [0x00000000fcc80000,0x00000000fd76ab88,0x00000000fd880000)
  to   space 13312K, 0% used [0x00000000fbf80000,0x00000000fbf80000,0x00000000fcc80000)
 ParOldGen       total 63488K, used 16683K [0x00000000e0000000, 0x00000000e3e00000, 0x00000000f5580000)
  object space 63488K, 26% used [0x00000000e0000000,0x00000000e104ad98,0x00000000e3e00000)
 Metaspace       used 41519K, capacity 42390K, committed 42456K, reserved 1085440K
  class space    used 5536K, capacity 5874K, committed 5888K, reserved 1048576K
}

