# JRE version: OpenJDK Runtime Environment (8.0_152-b01) (build 1.8.0_152-release-915-b01)
# Java VM: OpenJDK 64-Bit Server VM (25.152-b01 mixed mode windows-amd64 compressed oops)
Heap:
 PSYoungGen      total 131584K, used 96282K [0x00000000f5580000, 0x0000000100000000, 0x0000000100000000)
  eden space 96768K, 67% used [0x00000000f5580000,0x00000000f95952d8,0x00000000fb400000)
  from space 34816K, 88% used [0x00000000fdd80000,0x00000000ffb717d0,0x00000000fff80000)
  to   space 38912K, 0% used [0x00000000fb400000,0x00000000fb400000,0x00000000fda00000)
 ParOldGen       total 218112K, used 102616K [0x00000000e0000000, 0x00000000ed500000, 0x00000000f5580000)
  object space 218112K, 47% used [0x00000000e0000000,0x00000000e64360b0,0x00000000ed500000)
 Metaspace       used 85074K, capacity 93410K, committed 95576K, reserved 1132544K
  class space    used 10472K, capacity 12446K, committed 12672K, reserved 1048576K
GC Heap History (10 events):
Event: 9993.213 GC heap before
{Heap before GC invocations=136 (full 8):
 PSYoungGen      total 133632K, used 109575K [0x00000000f5580000, 0x00000000ffc00000, 0x0000000100000000)
  eden space 94720K, 100% used [0x00000000f5580000,0x00000000fb200000,0x00000000fb200000)
  from space 38912K, 38% used [0x00000000fb200000,0x00000000fc081ec0,0x00000000fd800000)
  to   space 36352K, 0% used [0x00000000fd880000,0x00000000fd880000,0x00000000ffc00000)
 ParOldGen       total 218112K, used 93591K [0x00000000e0000000, 0x00000000ed500000, 0x00000000f5580000)
  object space 218112K, 42% used [0x00000000e0000000,0x00000000e5b65d00,0x00000000ed500000)
 Metaspace       used 83452K, capacity 91636K, committed 95576K, reserved 1132544K
  class space    used 10293K, capacity 12193K, committed 12672K, reserved 1048576K
Event: 9993.220 GC heap after
Heap after GC invocations=136 (full 8):
 PSYoungGen      total 134144K, used 4855K [0x00000000f5580000, 0x00000000ffd80000, 0x0000000100000000)
  eden space 97792K, 0% used [0x00000000f5580000,0x00000000f5580000,0x00000000fb500000)
  from space 36352K, 13% used [0x00000000fd880000,0x00000000fdd3de70,0x00000000ffc00000)
  to   space 36352K, 0% used [0x00000000fb500000,0x00000000fb500000,0x00000000fd880000)
 ParOldGen       total 218112K, used 93759K [0x00000000e0000000, 0x00000000ed500000, 0x00000000f5580000)
  object space 218112K, 42% used [0x00000000e0000000,0x00000000e5b8fd60,0x00000000ed500000)
 Metaspace       used 83452K, capacity 91636K, committed 95576K, reserved 1132544K
  class space    used 10293K, capacity 12193K, committed 12672K, reserved 1048576K
}
Event: 9994.658 GC heap before
{Heap before GC invocations=137 (full 8):
 PSYoungGen      total 134144K, used 102647K [0x00000000f5580000, 0x00000000ffd80000, 0x0000000100000000)
  eden space 97792K, 100% used [0x00000000f5580000,0x00000000fb500000,0x00000000fb500000)
  from space 36352K, 13% used [0x00000000fd880000,0x00000000fdd3de70,0x00000000ffc00000)
  to   space 36352K, 0% used [0x00000000fb500000,0x00000000fb500000,0x00000000fd880000)
 ParOldGen       total 218112K, used 93759K [0x00000000e0000000, 0x00000000ed500000, 0x00000000f5580000)
  object space 218112K, 42% used [0x00000000e0000000,0x00000000e5b8fd60,0x00000000ed500000)
 Metaspace       used 84224K, capacity 92448K, committed 95576K, reserved 1132544K
  class space    used 10376K, capacity 12297K, committed 12672K, reserved 1048576K
Event: 9994.681 GC heap after
Heap after GC invocations=137 (full 8):
 PSYoungGen      total 134144K, used 17627K [0x00000000f5580000, 0x00000000ffe00000, 0x0000000100000000)
  eden space 97792K, 0% used [0x00000000f5580000,0x00000000f5580000,0x00000000fb500000)
  from space 36352K, 48% used [0x00000000fb500000,0x00000000fc636ec0,0x00000000fd880000)
  to   space 35328K, 0% used [0x00000000fdb80000,0x00000000fdb80000,0x00000000ffe00000)
 ParOldGen       total 218112K, used 94986K [0x00000000e0000000, 0x00000000ed500000, 0x00000000f5580000)
  object space 218112K, 43% used [0x00000000e0000000,0x00000000e5cc2860,0x00000000ed500000)
 Metaspace       used 84224K, capacity 92448K, committed 95576K, reserved 1132544K
  class space    used 10376K, capacity 12297K, committed 12672K, reserved 1048576K
}
Event: 9996.566 GC heap before
{Heap before GC invocations=138 (full 8):
 PSYoungGen      total 134144K, used 115419K [0x00000000f5580000, 0x00000000ffe00000, 0x0000000100000000)
  eden space 97792K, 100% used [0x00000000f5580000,0x00000000fb500000,0x00000000fb500000)
  from space 36352K, 48% used [0x00000000fb500000,0x00000000fc636ec0,0x00000000fd880000)
  to   space 35328K, 0% used [0x00000000fdb80000,0x00000000fdb80000,0x00000000ffe00000)
 ParOldGen       total 218112K, used 94986K [0x00000000e0000000, 0x00000000ed500000, 0x00000000f5580000)
  object space 218112K, 43% used [0x00000000e0000000,0x00000000e5cc2860,0x00000000ed500000)
 Metaspace       used 84240K, capacity 92448K, committed 95576K, reserved 1132544K
  class space    used 10376K, capacity 12297K, committed 12672K, reserved 1048576K
Event: 9996.577 GC heap after
Heap after GC invocations=138 (full 8):
 PSYoungGen      total 137728K, used 4399K [0x00000000f5580000, 0x00000000ffe00000, 0x0000000100000000)
  eden space 102400K, 0% used [0x00000000f5580000,0x00000000f5580000,0x00000000fb980000)
  from space 35328K, 12% used [0x00000000fdb80000,0x00000000fdfcbf08,0x00000000ffe00000)
  to   space 34816K, 0% used [0x00000000fb980000,0x00000000fb980000,0x00000000fdb80000)
 ParOldGen       total 218112K, used 97953K [0x00000000e0000000, 0x00000000ed500000, 0x00000000f5580000)
  object space 218112K, 44% used [0x00000000e0000000,0x00000000e5fa8540,0x00000000ed500000)
 Metaspace       used 84240K, capacity 92448K, committed 95576K, reserved 1132544K
  class space    used 10376K, capacity 12297K, committed 12672K, reserved 1048576K
}
Event: 10022.991 GC heap before
{Heap before GC invocations=139 (full 8):
 PSYoungGen      total 137728K, used 106799K [0x00000000f5580000, 0x00000000ffe00000, 0x0000000100000000)
  eden space 102400K, 100% used [0x00000000f5580000,0x00000000fb980000,0x00000000fb980000)
  from space 35328K, 12% used [0x00000000fdb80000,0x00000000fdfcbf08,0x00000000ffe00000)
  to   space 34816K, 0% used [0x00000000fb980000,0x00000000fb980000,0x00000000fdb80000)
 ParOldGen       total 218112K, used 97953K [0x00000000e0000000, 0x00000000ed500000, 0x00000000f5580000)
  object space 218112K, 44% used [0x00000000e0000000,0x00000000e5fa8540,0x00000000ed500000)
 Metaspace       used 84310K, capacity 92592K, committed 95576K, reserved 1132544K
  class space    used 10389K, capacity 12341K, committed 12672K, reserved 1048576K
Event: 10023.008 GC heap after
Heap after GC invocations=139 (full 8):
 PSYoungGen      total 137216K, used 4128K [0x00000000f5580000, 0x00000000fff80000, 0x0000000100000000)
  eden space 102400K, 0% used [0x00000000f5580000,0x00000000f5580000,0x00000000fb980000)
  from space 34816K, 11% used [0x00000000fb980000,0x00000000fbd88000,0x00000000fdb80000)
  to   space 34816K, 0% used [0x00000000fdd80000,0x00000000fdd80000,0x00000000fff80000)
 ParOldGen       total 218112K, used 98861K [0x00000000e0000000, 0x00000000ed500000, 0x00000000f5580000)
  object space 218112K, 45% used [0x00000000e0000000,0x00000000e608b4f0,0x00000000ed500000)
 Metaspace       used 84310K, capacity 92592K, committed 95576K, reserved 1132544K
  class space    used 10389K, capacity 12341K, committed 12672K, reserved 1048576K
}
Event: 10024.338 GC heap before
{Heap before GC invocations=140 (full 8):
 PSYoungGen      total 137216K, used 106528K [0x00000000f5580000, 0x00000000fff80000, 0x0000000100000000)
  eden space 102400K, 100% used [0x00000000f5580000,0x00000000fb980000,0x00000000fb980000)
  from space 34816K, 11% used [0x00000000fb980000,0x00000000fbd88000,0x00000000fdb80000)
  to   space 34816K, 0% used [0x00000000fdd80000,0x00000000fdd80000,0x00000000fff80000)
 ParOldGen       total 218112K, used 98861K [0x00000000e0000000, 0x00000000ed500000, 0x00000000f5580000)
  object space 218112K, 45% used [0x00000000e0000000,0x00000000e608b4f0,0x00000000ed500000)
 Metaspace       used 85057K, capacity 93404K, committed 95576K, reserved 1132544K
  class space    used 10472K, capacity 12445K, committed 12672K, reserved 1048576K
Event: 10024.380 GC heap after
Heap after GC invocations=140 (full 8):
 PSYoungGen      total 131584K, used 30661K [0x00000000f5580000, 0x0000000100000000, 0x0000000100000000)
  eden space 96768K, 0% used [0x00000000f5580000,0x00000000f5580000,0x00000000fb400000)
  from space 34816K, 88% used [0x00000000fdd80000,0x00000000ffb717d0,0x00000000fff80000)
  to   space 38912K, 0% used [0x00000000fb400000,0x00000000fb400000,0x00000000fda00000)
 ParOldGen       total 218112K, used 102616K [0x00000000e0000000, 0x00000000ed500000, 0x00000000f5580000)
  object space 218112K, 47% used [0x00000000e0000000,0x00000000e64360b0,0x00000000ed500000)
 Metaspace       used 85057K, capacity 93404K, committed 95576K, reserved 1132544K
  class space    used 10472K, capacity 12445K, committed 12672K, reserved 1048576K
}

