# JRE version: OpenJDK Runtime Environment (8.0_152-b01) (build 1.8.0_152-release-915-b01)
# Java VM: OpenJDK 64-Bit Server VM (25.152-b01 mixed mode windows-amd64 compressed oops)
Heap:
 PSYoungGen      total 165888K, used 126675K [0x00000000e0000000, 0x00000000ec100000, 0x0000000100000000)
  eden space 142848K, 73% used [0x00000000e0000000,0x00000000e66d7898,0x00000000e8b80000)
  from space 23040K, 92% used [0x00000000ea500000,0x00000000eb9dd568,0x00000000ebb80000)
  to   space 26112K, 0% used [0x00000000e8b80000,0x00000000e8b80000,0x00000000ea500000)
 ParOldGen       total 91648K, used 53528K [0x00000000a0000000, 0x00000000a5980000, 0x00000000e0000000)
  object space 91648K, 58% used [0x00000000a0000000,0x00000000a3446360,0x00000000a5980000)
 Metaspace       used 65913K, capacity 68096K, committed 68184K, reserved 1107968K
  class space    used 8525K, capacity 9052K, committed 9088K, reserved 1048576K
GC Heap History (10 events):
Event: 14.387 GC heap before
{Heap before GC invocations=17 (full 2):
 PSYoungGen      total 112128K, used 112100K [0x00000000e0000000, 0x00000000e7f00000, 0x0000000100000000)
  eden space 100864K, 100% used [0x00000000e0000000,0x00000000e6280000,0x00000000e6280000)
  from space 11264K, 99% used [0x00000000e6f00000,0x00000000e79f93a0,0x00000000e7a00000)
  to   space 12800K, 0% used [0x00000000e6280000,0x00000000e6280000,0x00000000e6f00000)
 ParOldGen       total 57344K, used 19113K [0x00000000a0000000, 0x00000000a3800000, 0x00000000e0000000)
  object space 57344K, 33% used [0x00000000a0000000,0x00000000a12aa518,0x00000000a3800000)
 Metaspace       used 50803K, capacity 52352K, committed 52568K, reserved 1095680K
  class space    used 6820K, capacity 7207K, committed 7296K, reserved 1048576K
Event: 14.406 GC heap after
Heap after GC invocations=17 (full 2):
 PSYoungGen      total 113664K, used 7662K [0x00000000e0000000, 0x00000000e9700000, 0x0000000100000000)
  eden space 100864K, 0% used [0x00000000e0000000,0x00000000e0000000,0x00000000e6280000)
  from space 12800K, 59% used [0x00000000e6280000,0x00000000e69fb948,0x00000000e6f00000)
  to   space 12800K, 0% used [0x00000000e8a80000,0x00000000e8a80000,0x00000000e9700000)
 ParOldGen       total 57344K, used 27730K [0x00000000a0000000, 0x00000000a3800000, 0x00000000e0000000)
  object space 57344K, 48% used [0x00000000a0000000,0x00000000a1b14870,0x00000000a3800000)
 Metaspace       used 50803K, capacity 52352K, committed 52568K, reserved 1095680K
  class space    used 6820K, capacity 7207K, committed 7296K, reserved 1048576K
}
Event: 17.360 GC heap before
{Heap before GC invocations=18 (full 2):
 PSYoungGen      total 113664K, used 100512K [0x00000000e0000000, 0x00000000e9700000, 0x0000000100000000)
  eden space 100864K, 92% used [0x00000000e0000000,0x00000000e5aac960,0x00000000e6280000)
  from space 12800K, 59% used [0x00000000e6280000,0x00000000e69fb948,0x00000000e6f00000)
  to   space 12800K, 0% used [0x00000000e8a80000,0x00000000e8a80000,0x00000000e9700000)
 ParOldGen       total 57344K, used 27730K [0x00000000a0000000, 0x00000000a3800000, 0x00000000e0000000)
  object space 57344K, 48% used [0x00000000a0000000,0x00000000a1b14870,0x00000000a3800000)
 Metaspace       used 57041K, capacity 58862K, committed 59028K, reserved 1099776K
  class space    used 7684K, capacity 8156K, committed 8192K, reserved 1048576K
Event: 17.373 GC heap after
Heap after GC invocations=18 (full 2):
 PSYoungGen      total 138752K, used 10669K [0x00000000e0000000, 0x00000000e9680000, 0x0000000100000000)
  eden space 126464K, 0% used [0x00000000e0000000,0x00000000e0000000,0x00000000e7b80000)
  from space 12288K, 86% used [0x00000000e8a80000,0x00000000e94eb648,0x00000000e9680000)
  to   space 13824K, 0% used [0x00000000e7b80000,0x00000000e7b80000,0x00000000e8900000)
 ParOldGen       total 57344K, used 27738K [0x00000000a0000000, 0x00000000a3800000, 0x00000000e0000000)
  object space 57344K, 48% used [0x00000000a0000000,0x00000000a1b16870,0x00000000a3800000)
 Metaspace       used 57041K, capacity 58862K, committed 59028K, reserved 1099776K
  class space    used 7684K, capacity 8156K, committed 8192K, reserved 1048576K
}
Event: 17.373 GC heap before
{Heap before GC invocations=19 (full 3):
 PSYoungGen      total 138752K, used 10669K [0x00000000e0000000, 0x00000000e9680000, 0x0000000100000000)
  eden space 126464K, 0% used [0x00000000e0000000,0x00000000e0000000,0x00000000e7b80000)
  from space 12288K, 86% used [0x00000000e8a80000,0x00000000e94eb648,0x00000000e9680000)
  to   space 13824K, 0% used [0x00000000e7b80000,0x00000000e7b80000,0x00000000e8900000)
 ParOldGen       total 57344K, used 27738K [0x00000000a0000000, 0x00000000a3800000, 0x00000000e0000000)
  object space 57344K, 48% used [0x00000000a0000000,0x00000000a1b16870,0x00000000a3800000)
 Metaspace       used 57041K, capacity 58862K, committed 59028K, reserved 1099776K
  class space    used 7684K, capacity 8156K, committed 8192K, reserved 1048576K
Event: 17.635 GC heap after
Heap after GC invocations=19 (full 3):
 PSYoungGen      total 138752K, used 0K [0x00000000e0000000, 0x00000000e9680000, 0x0000000100000000)
  eden space 126464K, 0% used [0x00000000e0000000,0x00000000e0000000,0x00000000e7b80000)
  from space 12288K, 0% used [0x00000000e8a80000,0x00000000e8a80000,0x00000000e9680000)
  to   space 13824K, 0% used [0x00000000e7b80000,0x00000000e7b80000,0x00000000e8900000)
 ParOldGen       total 91648K, used 32508K [0x00000000a0000000, 0x00000000a5980000, 0x00000000e0000000)
  object space 91648K, 35% used [0x00000000a0000000,0x00000000a1fbf0b8,0x00000000a5980000)
 Metaspace       used 57041K, capacity 58862K, committed 59028K, reserved 1099776K
  class space    used 7684K, capacity 8156K, committed 8192K, reserved 1048576K
}
Event: 20.002 GC heap before
{Heap before GC invocations=20 (full 3):
 PSYoungGen      total 138752K, used 126464K [0x00000000e0000000, 0x00000000e9680000, 0x0000000100000000)
  eden space 126464K, 100% used [0x00000000e0000000,0x00000000e7b80000,0x00000000e7b80000)
  from space 12288K, 0% used [0x00000000e8a80000,0x00000000e8a80000,0x00000000e9680000)
  to   space 13824K, 0% used [0x00000000e7b80000,0x00000000e7b80000,0x00000000e8900000)
 ParOldGen       total 91648K, used 32508K [0x00000000a0000000, 0x00000000a5980000, 0x00000000e0000000)
  object space 91648K, 35% used [0x00000000a0000000,0x00000000a1fbf0b8,0x00000000a5980000)
 Metaspace       used 60431K, capacity 62362K, committed 62552K, reserved 1103872K
  class space    used 7964K, capacity 8452K, committed 8576K, reserved 1048576K
Event: 20.047 GC heap after
Heap after GC invocations=20 (full 3):
 PSYoungGen      total 140288K, used 13803K [0x00000000e0000000, 0x00000000ebb80000, 0x0000000100000000)
  eden space 126464K, 0% used [0x00000000e0000000,0x00000000e0000000,0x00000000e7b80000)
  from space 13824K, 99% used [0x00000000e7b80000,0x00000000e88faf28,0x00000000e8900000)
  to   space 23040K, 0% used [0x00000000ea500000,0x00000000ea500000,0x00000000ebb80000)
 ParOldGen       total 91648K, used 53520K [0x00000000a0000000, 0x00000000a5980000, 0x00000000e0000000)
  object space 91648K, 58% used [0x00000000a0000000,0x00000000a3444360,0x00000000a5980000)
 Metaspace       used 60431K, capacity 62362K, committed 62552K, reserved 1103872K
  class space    used 7964K, capacity 8452K, committed 8576K, reserved 1048576K
}
Event: 23.465 GC heap before
{Heap before GC invocations=21 (full 3):
 PSYoungGen      total 140288K, used 140267K [0x00000000e0000000, 0x00000000ebb80000, 0x0000000100000000)
  eden space 126464K, 100% used [0x00000000e0000000,0x00000000e7b80000,0x00000000e7b80000)
  from space 13824K, 99% used [0x00000000e7b80000,0x00000000e88faf28,0x00000000e8900000)
  to   space 23040K, 0% used [0x00000000ea500000,0x00000000ea500000,0x00000000ebb80000)
 ParOldGen       total 91648K, used 53520K [0x00000000a0000000, 0x00000000a5980000, 0x00000000e0000000)
  object space 91648K, 58% used [0x00000000a0000000,0x00000000a3444360,0x00000000a5980000)
 Metaspace       used 63081K, capacity 65290K, committed 65368K, reserved 1105920K
  class space    used 8263K, capacity 8798K, committed 8832K, reserved 1048576K
Event: 23.498 GC heap after
Heap after GC invocations=21 (full 3):
 PSYoungGen      total 165888K, used 21365K [0x00000000e0000000, 0x00000000ec100000, 0x0000000100000000)
  eden space 142848K, 0% used [0x00000000e0000000,0x00000000e0000000,0x00000000e8b80000)
  from space 23040K, 92% used [0x00000000ea500000,0x00000000eb9dd568,0x00000000ebb80000)
  to   space 26112K, 0% used [0x00000000e8b80000,0x00000000e8b80000,0x00000000ea500000)
 ParOldGen       total 91648K, used 53528K [0x00000000a0000000, 0x00000000a5980000, 0x00000000e0000000)
  object space 91648K, 58% used [0x00000000a0000000,0x00000000a3446360,0x00000000a5980000)
 Metaspace       used 63081K, capacity 65290K, committed 65368K, reserved 1105920K
  class space    used 8263K, capacity 8798K, committed 8832K, reserved 1048576K
}

