# JRE version: OpenJDK Runtime Environment (8.0_152-b01) (build 1.8.0_152-release-915-b01)
# Java VM: OpenJDK 64-Bit Server VM (25.152-b01 mixed mode windows-amd64 compressed oops)
Heap:
 PSYoungGen      total 140288K, used 31092K [0x00000000f5580000, 0x0000000100000000, 0x0000000100000000)
  eden space 105984K, 29% used [0x00000000f5580000,0x00000000f73dd3f8,0x00000000fbd00000)
  from space 34304K, 0% used [0x00000000fbd00000,0x00000000fbd00000,0x00000000fde80000)
  to   space 32768K, 0% used [0x00000000fe000000,0x00000000fe000000,0x0000000100000000)
 ParOldGen       total 185856K, used 93312K [0x00000000e0000000, 0x00000000eb580000, 0x00000000f5580000)
  object space 185856K, 50% used [0x00000000e0000000,0x00000000e5b202a0,0x00000000eb580000)
 Metaspace       used 74208K, capacity 77174K, committed 77272K, reserved 1116160K
  class space    used 9256K, capacity 9952K, committed 9984K, reserved 1048576K
GC Heap History (10 events):
Event: 108.032 GC heap before
{Heap before GC invocations=34 (full 4):
 PSYoungGen      total 143872K, used 123299K [0x00000000f5580000, 0x00000000ffd00000, 0x0000000100000000)
  eden space 115712K, 100% used [0x00000000f5580000,0x00000000fc680000,0x00000000fc680000)
  from space 28160K, 26% used [0x00000000fc680000,0x00000000fcde8e10,0x00000000fe200000)
  to   space 26624K, 0% used [0x00000000fe300000,0x00000000fe300000,0x00000000ffd00000)
 ParOldGen       total 119808K, used 53732K [0x00000000e0000000, 0x00000000e7500000, 0x00000000f5580000)
  object space 119808K, 44% used [0x00000000e0000000,0x00000000e3479378,0x00000000e7500000)
 Metaspace       used 73330K, capacity 76276K, committed 76504K, reserved 1116160K
  class space    used 9172K, capacity 9862K, committed 9984K, reserved 1048576K
Event: 108.052 GC heap after
Heap after GC invocations=34 (full 4):
 PSYoungGen      total 145408K, used 11563K [0x00000000f5580000, 0x00000000ffc80000, 0x0000000100000000)
  eden space 119296K, 0% used [0x00000000f5580000,0x00000000f5580000,0x00000000fca00000)
  from space 26112K, 44% used [0x00000000fe300000,0x00000000fee4afd8,0x00000000ffc80000)
  to   space 25600K, 0% used [0x00000000fca00000,0x00000000fca00000,0x00000000fe300000)
 ParOldGen       total 119808K, used 55484K [0x00000000e0000000, 0x00000000e7500000, 0x00000000f5580000)
  object space 119808K, 46% used [0x00000000e0000000,0x00000000e362f3f8,0x00000000e7500000)
 Metaspace       used 73330K, capacity 76276K, committed 76504K, reserved 1116160K
  class space    used 9172K, capacity 9862K, committed 9984K, reserved 1048576K
}
Event: 109.882 GC heap before
{Heap before GC invocations=35 (full 4):
 PSYoungGen      total 145408K, used 130859K [0x00000000f5580000, 0x00000000ffc80000, 0x0000000100000000)
  eden space 119296K, 100% used [0x00000000f5580000,0x00000000fca00000,0x00000000fca00000)
  from space 26112K, 44% used [0x00000000fe300000,0x00000000fee4afd8,0x00000000ffc80000)
  to   space 25600K, 0% used [0x00000000fca00000,0x00000000fca00000,0x00000000fe300000)
 ParOldGen       total 119808K, used 55484K [0x00000000e0000000, 0x00000000e7500000, 0x00000000f5580000)
  object space 119808K, 46% used [0x00000000e0000000,0x00000000e362f3f8,0x00000000e7500000)
 Metaspace       used 73416K, capacity 76340K, committed 76504K, reserved 1116160K
  class space    used 9182K, capacity 9862K, committed 9984K, reserved 1048576K
Event: 109.900 GC heap after
Heap after GC invocations=35 (full 4):
 PSYoungGen      total 144896K, used 11923K [0x00000000f5580000, 0x00000000ffe80000, 0x0000000100000000)
  eden space 119296K, 0% used [0x00000000f5580000,0x00000000f5580000,0x00000000fca00000)
  from space 25600K, 46% used [0x00000000fca00000,0x00000000fd5a4e08,0x00000000fe300000)
  to   space 25088K, 0% used [0x00000000fe600000,0x00000000fe600000,0x00000000ffe80000)
 ParOldGen       total 119808K, used 56613K [0x00000000e0000000, 0x00000000e7500000, 0x00000000f5580000)
  object space 119808K, 47% used [0x00000000e0000000,0x00000000e3749408,0x00000000e7500000)
 Metaspace       used 73416K, capacity 76340K, committed 76504K, reserved 1116160K
  class space    used 9182K, capacity 9862K, committed 9984K, reserved 1048576K
}
Event: 111.070 GC heap before
{Heap before GC invocations=36 (full 4):
 PSYoungGen      total 144896K, used 131219K [0x00000000f5580000, 0x00000000ffe80000, 0x0000000100000000)
  eden space 119296K, 100% used [0x00000000f5580000,0x00000000fca00000,0x00000000fca00000)
  from space 25600K, 46% used [0x00000000fca00000,0x00000000fd5a4e08,0x00000000fe300000)
  to   space 25088K, 0% used [0x00000000fe600000,0x00000000fe600000,0x00000000ffe80000)
 ParOldGen       total 119808K, used 56613K [0x00000000e0000000, 0x00000000e7500000, 0x00000000f5580000)
  object space 119808K, 47% used [0x00000000e0000000,0x00000000e3749408,0x00000000e7500000)
 Metaspace       used 73698K, capacity 76642K, committed 76760K, reserved 1116160K
  class space    used 9212K, capacity 9897K, committed 9984K, reserved 1048576K
Event: 111.112 GC heap after
Heap after GC invocations=36 (full 4):
 PSYoungGen      total 131072K, used 25067K [0x00000000f5580000, 0x0000000100000000, 0x0000000100000000)
  eden space 105984K, 0% used [0x00000000f5580000,0x00000000f5580000,0x00000000fbd00000)
  from space 25088K, 99% used [0x00000000fe600000,0x00000000ffe7ac88,0x00000000ffe80000)
  to   space 34304K, 0% used [0x00000000fbd00000,0x00000000fbd00000,0x00000000fde80000)
 ParOldGen       total 119808K, used 69655K [0x00000000e0000000, 0x00000000e7500000, 0x00000000f5580000)
  object space 119808K, 58% used [0x00000000e0000000,0x00000000e4405c10,0x00000000e7500000)
 Metaspace       used 73698K, capacity 76642K, committed 76760K, reserved 1116160K
  class space    used 9212K, capacity 9897K, committed 9984K, reserved 1048576K
}
Event: 113.505 GC heap before
{Heap before GC invocations=37 (full 4):
 PSYoungGen      total 131072K, used 131051K [0x00000000f5580000, 0x0000000100000000, 0x0000000100000000)
  eden space 105984K, 100% used [0x00000000f5580000,0x00000000fbd00000,0x00000000fbd00000)
  from space 25088K, 99% used [0x00000000fe600000,0x00000000ffe7ac88,0x00000000ffe80000)
  to   space 34304K, 0% used [0x00000000fbd00000,0x00000000fbd00000,0x00000000fde80000)
 ParOldGen       total 119808K, used 69655K [0x00000000e0000000, 0x00000000e7500000, 0x00000000f5580000)
  object space 119808K, 58% used [0x00000000e0000000,0x00000000e4405c10,0x00000000e7500000)
 Metaspace       used 74187K, capacity 77154K, committed 77272K, reserved 1116160K
  class space    used 9261K, capacity 9961K, committed 9984K, reserved 1048576K
Event: 113.539 GC heap after
Heap after GC invocations=37 (full 4):
 PSYoungGen      total 140288K, used 7301K [0x00000000f5580000, 0x0000000100000000, 0x0000000100000000)
  eden space 105984K, 0% used [0x00000000f5580000,0x00000000f5580000,0x00000000fbd00000)
  from space 34304K, 21% used [0x00000000fbd00000,0x00000000fc421658,0x00000000fde80000)
  to   space 32768K, 0% used [0x00000000fe000000,0x00000000fe000000,0x0000000100000000)
 ParOldGen       total 119808K, used 100839K [0x00000000e0000000, 0x00000000e7500000, 0x00000000f5580000)
  object space 119808K, 84% used [0x00000000e0000000,0x00000000e6279e00,0x00000000e7500000)
 Metaspace       used 74187K, capacity 77154K, committed 77272K, reserved 1116160K
  class space    used 9261K, capacity 9961K, committed 9984K, reserved 1048576K
}
Event: 113.539 GC heap before
{Heap before GC invocations=38 (full 5):
 PSYoungGen      total 140288K, used 7301K [0x00000000f5580000, 0x0000000100000000, 0x0000000100000000)
  eden space 105984K, 0% used [0x00000000f5580000,0x00000000f5580000,0x00000000fbd00000)
  from space 34304K, 21% used [0x00000000fbd00000,0x00000000fc421658,0x00000000fde80000)
  to   space 32768K, 0% used [0x00000000fe000000,0x00000000fe000000,0x0000000100000000)
 ParOldGen       total 119808K, used 100839K [0x00000000e0000000, 0x00000000e7500000, 0x00000000f5580000)
  object space 119808K, 84% used [0x00000000e0000000,0x00000000e6279e00,0x00000000e7500000)
 Metaspace       used 74187K, capacity 77154K, committed 77272K, reserved 1116160K
  class space    used 9261K, capacity 9961K, committed 9984K, reserved 1048576K
Event: 114.020 GC heap after
Heap after GC invocations=38 (full 5):
 PSYoungGen      total 140288K, used 0K [0x00000000f5580000, 0x0000000100000000, 0x0000000100000000)
  eden space 105984K, 0% used [0x00000000f5580000,0x00000000f5580000,0x00000000fbd00000)
  from space 34304K, 0% used [0x00000000fbd00000,0x00000000fbd00000,0x00000000fde80000)
  to   space 32768K, 0% used [0x00000000fe000000,0x00000000fe000000,0x0000000100000000)
 ParOldGen       total 185856K, used 93312K [0x00000000e0000000, 0x00000000eb580000, 0x00000000f5580000)
  object space 185856K, 50% used [0x00000000e0000000,0x00000000e5b202a0,0x00000000eb580000)
 Metaspace       used 74170K, capacity 77110K, committed 77272K, reserved 1116160K
  class space    used 9256K, capacity 9952K, committed 9984K, reserved 1048576K
}

