# JRE version: OpenJDK Runtime Environment (8.0_152-b01) (build 1.8.0_152-release-915-b01)
# Java VM: OpenJDK 64-Bit Server VM (25.152-b01 mixed mode windows-amd64 compressed oops)
Heap:
 PSYoungGen      total 52736K, used 11047K [0x00000000f5580000, 0x00000000f9080000, 0x0000000100000000)
  eden space 45056K, 24% used [0x00000000f5580000,0x00000000f6049f30,0x00000000f8180000)
  from space 7680K, 0% used [0x00000000f8180000,0x00000000f8180000,0x00000000f8900000)
  to   space 6656K, 0% used [0x00000000f8a00000,0x00000000f8a00000,0x00000000f9080000)
 ParOldGen       total 32256K, used 15873K [0x00000000e0000000, 0x00000000e1f80000, 0x00000000f5580000)
  object space 32256K, 49% used [0x00000000e0000000,0x00000000e0f804e8,0x00000000e1f80000)
 Metaspace       used 36164K, capacity 36897K, committed 37080K, reserved 1081344K
  class space    used 4869K, capacity 5095K, committed 5120K, reserved 1048576K
GC Heap History (10 events):
Event: 14.463 GC heap before
{Heap before GC invocations=11 (full 1):
 PSYoungGen      total 38400K, used 37791K [0x00000000f5580000, 0x00000000f8180000, 0x0000000100000000)
  eden space 32256K, 100% used [0x00000000f5580000,0x00000000f7500000,0x00000000f7500000)
  from space 6144K, 90% used [0x00000000f7500000,0x00000000f7a67fa8,0x00000000f7b00000)
  to   space 5632K, 0% used [0x00000000f7b00000,0x00000000f7b00000,0x00000000f8080000)
 ParOldGen       total 32256K, used 8988K [0x00000000e0000000, 0x00000000e1f80000, 0x00000000f5580000)
  object space 32256K, 27% used [0x00000000e0000000,0x00000000e08c7258,0x00000000e1f80000)
 Metaspace       used 27949K, capacity 28528K, committed 28672K, reserved 1073152K
  class space    used 3885K, capacity 4067K, committed 4096K, reserved 1048576K
Event: 14.473 GC heap after
Heap after GC invocations=11 (full 1):
 PSYoungGen      total 37888K, used 4765K [0x00000000f5580000, 0x00000000f8180000, 0x0000000100000000)
  eden space 32256K, 0% used [0x00000000f5580000,0x00000000f5580000,0x00000000f7500000)
  from space 5632K, 84% used [0x00000000f7b00000,0x00000000f7fa7758,0x00000000f8080000)
  to   space 6144K, 0% used [0x00000000f7500000,0x00000000f7500000,0x00000000f7b00000)
 ParOldGen       total 32256K, used 11016K [0x00000000e0000000, 0x00000000e1f80000, 0x00000000f5580000)
  object space 32256K, 34% used [0x00000000e0000000,0x00000000e0ac22d8,0x00000000e1f80000)
 Metaspace       used 27949K, capacity 28528K, committed 28672K, reserved 1073152K
  class space    used 3885K, capacity 4067K, committed 4096K, reserved 1048576K
}
Event: 15.568 GC heap before
{Heap before GC invocations=12 (full 1):
 PSYoungGen      total 37888K, used 37021K [0x00000000f5580000, 0x00000000f8180000, 0x0000000100000000)
  eden space 32256K, 99% used [0x00000000f5580000,0x00000000f74ffdf8,0x00000000f7500000)
  from space 5632K, 84% used [0x00000000f7b00000,0x00000000f7fa7758,0x00000000f8080000)
  to   space 6144K, 0% used [0x00000000f7500000,0x00000000f7500000,0x00000000f7b00000)
 ParOldGen       total 32256K, used 11016K [0x00000000e0000000, 0x00000000e1f80000, 0x00000000f5580000)
  object space 32256K, 34% used [0x00000000e0000000,0x00000000e0ac22d8,0x00000000e1f80000)
 Metaspace       used 30277K, capacity 30896K, committed 31232K, reserved 1077248K
  class space    used 4123K, capacity 4323K, committed 4352K, reserved 1048576K
Event: 15.583 GC heap after
Heap after GC invocations=12 (full 1):
 PSYoungGen      total 38400K, used 1496K [0x00000000f5580000, 0x00000000f9180000, 0x0000000100000000)
  eden space 32256K, 0% used [0x00000000f5580000,0x00000000f5580000,0x00000000f7500000)
  from space 6144K, 24% used [0x00000000f7500000,0x00000000f7676370,0x00000000f7b00000)
  to   space 7680K, 0% used [0x00000000f8a00000,0x00000000f8a00000,0x00000000f9180000)
 ParOldGen       total 32256K, used 13645K [0x00000000e0000000, 0x00000000e1f80000, 0x00000000f5580000)
  object space 32256K, 42% used [0x00000000e0000000,0x00000000e0d53578,0x00000000e1f80000)
 Metaspace       used 30277K, capacity 30896K, committed 31232K, reserved 1077248K
  class space    used 4123K, capacity 4323K, committed 4352K, reserved 1048576K
}
Event: 17.020 GC heap before
{Heap before GC invocations=13 (full 1):
 PSYoungGen      total 38400K, used 33751K [0x00000000f5580000, 0x00000000f9180000, 0x0000000100000000)
  eden space 32256K, 99% used [0x00000000f5580000,0x00000000f74ffb18,0x00000000f7500000)
  from space 6144K, 24% used [0x00000000f7500000,0x00000000f7676370,0x00000000f7b00000)
  to   space 7680K, 0% used [0x00000000f8a00000,0x00000000f8a00000,0x00000000f9180000)
 ParOldGen       total 32256K, used 13645K [0x00000000e0000000, 0x00000000e1f80000, 0x00000000f5580000)
  object space 32256K, 42% used [0x00000000e0000000,0x00000000e0d53578,0x00000000e1f80000)
 Metaspace       used 30970K, capacity 31568K, committed 31872K, reserved 1077248K
  class space    used 4200K, capacity 4419K, committed 4480K, reserved 1048576K
Event: 17.026 GC heap after
Heap after GC invocations=13 (full 1):
 PSYoungGen      total 51712K, used 1216K [0x00000000f5580000, 0x00000000f9080000, 0x0000000100000000)
  eden space 45056K, 0% used [0x00000000f5580000,0x00000000f5580000,0x00000000f8180000)
  from space 6656K, 18% used [0x00000000f8a00000,0x00000000f8b30000,0x00000000f9080000)
  to   space 7680K, 0% used [0x00000000f8180000,0x00000000f8180000,0x00000000f8900000)
 ParOldGen       total 32256K, used 14373K [0x00000000e0000000, 0x00000000e1f80000, 0x00000000f5580000)
  object space 32256K, 44% used [0x00000000e0000000,0x00000000e0e09598,0x00000000e1f80000)
 Metaspace       used 30970K, capacity 31568K, committed 31872K, reserved 1077248K
  class space    used 4200K, capacity 4419K, committed 4480K, reserved 1048576K
}
Event: 17.949 GC heap before
{Heap before GC invocations=14 (full 1):
 PSYoungGen      total 51712K, used 26833K [0x00000000f5580000, 0x00000000f9080000, 0x0000000100000000)
  eden space 45056K, 56% used [0x00000000f5580000,0x00000000f6e84588,0x00000000f8180000)
  from space 6656K, 18% used [0x00000000f8a00000,0x00000000f8b30000,0x00000000f9080000)
  to   space 7680K, 0% used [0x00000000f8180000,0x00000000f8180000,0x00000000f8900000)
 ParOldGen       total 32256K, used 14373K [0x00000000e0000000, 0x00000000e1f80000, 0x00000000f5580000)
  object space 32256K, 44% used [0x00000000e0000000,0x00000000e0e09598,0x00000000e1f80000)
 Metaspace       used 34549K, capacity 35233K, committed 35416K, reserved 1079296K
  class space    used 4682K, capacity 4925K, committed 4992K, reserved 1048576K
Event: 17.958 GC heap after
Heap after GC invocations=14 (full 1):
 PSYoungGen      total 52736K, used 3826K [0x00000000f5580000, 0x00000000f9080000, 0x0000000100000000)
  eden space 45056K, 0% used [0x00000000f5580000,0x00000000f5580000,0x00000000f8180000)
  from space 7680K, 49% used [0x00000000f8180000,0x00000000f853c8f8,0x00000000f8900000)
  to   space 6656K, 0% used [0x00000000f8a00000,0x00000000f8a00000,0x00000000f9080000)
 ParOldGen       total 32256K, used 15041K [0x00000000e0000000, 0x00000000e1f80000, 0x00000000f5580000)
  object space 32256K, 46% used [0x00000000e0000000,0x00000000e0eb05d8,0x00000000e1f80000)
 Metaspace       used 34549K, capacity 35233K, committed 35416K, reserved 1079296K
  class space    used 4682K, capacity 4925K, committed 4992K, reserved 1048576K
}
Event: 17.958 GC heap before
{Heap before GC invocations=15 (full 2):
 PSYoungGen      total 52736K, used 3826K [0x00000000f5580000, 0x00000000f9080000, 0x0000000100000000)
  eden space 45056K, 0% used [0x00000000f5580000,0x00000000f5580000,0x00000000f8180000)
  from space 7680K, 49% used [0x00000000f8180000,0x00000000f853c8f8,0x00000000f8900000)
  to   space 6656K, 0% used [0x00000000f8a00000,0x00000000f8a00000,0x00000000f9080000)
 ParOldGen       total 32256K, used 15041K [0x00000000e0000000, 0x00000000e1f80000, 0x00000000f5580000)
  object space 32256K, 46% used [0x00000000e0000000,0x00000000e0eb05d8,0x00000000e1f80000)
 Metaspace       used 34549K, capacity 35233K, committed 35416K, reserved 1079296K
  class space    used 4682K, capacity 4925K, committed 4992K, reserved 1048576K
Event: 18.084 GC heap after
Heap after GC invocations=15 (full 2):
 PSYoungGen      total 52736K, used 0K [0x00000000f5580000, 0x00000000f9080000, 0x0000000100000000)
  eden space 45056K, 0% used [0x00000000f5580000,0x00000000f5580000,0x00000000f8180000)
  from space 7680K, 0% used [0x00000000f8180000,0x00000000f8180000,0x00000000f8900000)
  to   space 6656K, 0% used [0x00000000f8a00000,0x00000000f8a00000,0x00000000f9080000)
 ParOldGen       total 32256K, used 15873K [0x00000000e0000000, 0x00000000e1f80000, 0x00000000f5580000)
  object space 32256K, 49% used [0x00000000e0000000,0x00000000e0f804e8,0x00000000e1f80000)
 Metaspace       used 34549K, capacity 35233K, committed 35416K, reserved 1079296K
  class space    used 4682K, capacity 4925K, committed 4992K, reserved 1048576K
}

