# JRE version: OpenJDK Runtime Environment (8.0_152-b01) (build 1.8.0_152-release-915-b01)
# Java VM: OpenJDK 64-Bit Server VM (25.152-b01 mixed mode windows-amd64 compressed oops)
Heap:
 PSYoungGen      total 37888K, used 9906K [0x00000000f5580000, 0x00000000f8180000, 0x0000000100000000)
  eden space 32256K, 14% used [0x00000000f5580000,0x00000000f5a185f0,0x00000000f7500000)
  from space 5632K, 92% used [0x00000000f7b00000,0x00000000f8014210,0x00000000f8080000)
  to   space 6144K, 0% used [0x00000000f7500000,0x00000000f7500000,0x00000000f7b00000)
 ParOldGen       total 44032K, used 6646K [0x00000000e0000000, 0x00000000e2b00000, 0x00000000f5580000)
  object space 44032K, 15% used [0x00000000e0000000,0x00000000e067dbe0,0x00000000e2b00000)
 Metaspace       used 16201K, capacity 16592K, committed 16768K, reserved 1062912K
  class space    used 2286K, capacity 2414K, committed 2432K, reserved 1048576K
GC Heap History (10 events):
Event: 2.445 GC heap before
{Heap before GC invocations=2 (full 0):
 PSYoungGen      total 18944K, used 18745K [0x00000000f5580000, 0x00000000f6a80000, 0x0000000100000000)
  eden space 16384K, 98% used [0x00000000f5580000,0x00000000f6553c98,0x00000000f6580000)
  from space 2560K, 99% used [0x00000000f6580000,0x00000000f67fa838,0x00000000f6800000)
  to   space 2560K, 0% used [0x00000000f6800000,0x00000000f6800000,0x00000000f6a80000)
 ParOldGen       total 44032K, used 726K [0x00000000e0000000, 0x00000000e2b00000, 0x00000000f5580000)
  object space 44032K, 1% used [0x00000000e0000000,0x00000000e00b5b90,0x00000000e2b00000)
 Metaspace       used 6982K, capacity 7244K, committed 7424K, reserved 1056768K
  class space    used 842K, capacity 909K, committed 1024K, reserved 1048576K
Event: 2.450 GC heap after
Heap after GC invocations=2 (full 0):
 PSYoungGen      total 18944K, used 2528K [0x00000000f5580000, 0x00000000f6a80000, 0x0000000100000000)
  eden space 16384K, 0% used [0x00000000f5580000,0x00000000f5580000,0x00000000f6580000)
  from space 2560K, 98% used [0x00000000f6800000,0x00000000f6a78140,0x00000000f6a80000)
  to   space 2560K, 0% used [0x00000000f6580000,0x00000000f6580000,0x00000000f6800000)
 ParOldGen       total 44032K, used 1014K [0x00000000e0000000, 0x00000000e2b00000, 0x00000000f5580000)
  object space 44032K, 2% used [0x00000000e0000000,0x00000000e00fdb90,0x00000000e2b00000)
 Metaspace       used 6982K, capacity 7244K, committed 7424K, reserved 1056768K
  class space    used 842K, capacity 909K, committed 1024K, reserved 1048576K
}
Event: 2.938 GC heap before
{Heap before GC invocations=3 (full 0):
 PSYoungGen      total 18944K, used 18912K [0x00000000f5580000, 0x00000000f6a80000, 0x0000000100000000)
  eden space 16384K, 100% used [0x00000000f5580000,0x00000000f6580000,0x00000000f6580000)
  from space 2560K, 98% used [0x00000000f6800000,0x00000000f6a78140,0x00000000f6a80000)
  to   space 2560K, 0% used [0x00000000f6580000,0x00000000f6580000,0x00000000f6800000)
 ParOldGen       total 44032K, used 1014K [0x00000000e0000000, 0x00000000e2b00000, 0x00000000f5580000)
  object space 44032K, 2% used [0x00000000e0000000,0x00000000e00fdb90,0x00000000e2b00000)
 Metaspace       used 8632K, capacity 8902K, committed 9216K, reserved 1056768K
  class space    used 1095K, capacity 1221K, committed 1280K, reserved 1048576K
Event: 2.944 GC heap after
Heap after GC invocations=3 (full 0):
 PSYoungGen      total 18944K, used 2552K [0x00000000f5580000, 0x00000000f6a80000, 0x0000000100000000)
  eden space 16384K, 0% used [0x00000000f5580000,0x00000000f5580000,0x00000000f6580000)
  from space 2560K, 99% used [0x00000000f6580000,0x00000000f67fe050,0x00000000f6800000)
  to   space 2560K, 0% used [0x00000000f6800000,0x00000000f6800000,0x00000000f6a80000)
 ParOldGen       total 44032K, used 2189K [0x00000000e0000000, 0x00000000e2b00000, 0x00000000f5580000)
  object space 44032K, 4% used [0x00000000e0000000,0x00000000e0223598,0x00000000e2b00000)
 Metaspace       used 8632K, capacity 8902K, committed 9216K, reserved 1056768K
  class space    used 1095K, capacity 1221K, committed 1280K, reserved 1048576K
}
Event: 8.226 GC heap before
{Heap before GC invocations=4 (full 0):
 PSYoungGen      total 18944K, used 18936K [0x00000000f5580000, 0x00000000f6a80000, 0x0000000100000000)
  eden space 16384K, 100% used [0x00000000f5580000,0x00000000f6580000,0x00000000f6580000)
  from space 2560K, 99% used [0x00000000f6580000,0x00000000f67fe050,0x00000000f6800000)
  to   space 2560K, 0% used [0x00000000f6800000,0x00000000f6800000,0x00000000f6a80000)
 ParOldGen       total 44032K, used 2189K [0x00000000e0000000, 0x00000000e2b00000, 0x00000000f5580000)
  object space 44032K, 4% used [0x00000000e0000000,0x00000000e0223598,0x00000000e2b00000)
 Metaspace       used 12364K, capacity 12812K, committed 13056K, reserved 1060864K
  class space    used 1644K, capacity 1772K, committed 1792K, reserved 1048576K
Event: 8.260 GC heap after
Heap after GC invocations=4 (full 0):
 PSYoungGen      total 18944K, used 2552K [0x00000000f5580000, 0x00000000f6a80000, 0x0000000100000000)
  eden space 16384K, 0% used [0x00000000f5580000,0x00000000f5580000,0x00000000f6580000)
  from space 2560K, 99% used [0x00000000f6800000,0x00000000f6a7e050,0x00000000f6a80000)
  to   space 2560K, 0% used [0x00000000f6580000,0x00000000f6580000,0x00000000f6800000)
 ParOldGen       total 44032K, used 4720K [0x00000000e0000000, 0x00000000e2b00000, 0x00000000f5580000)
  object space 44032K, 10% used [0x00000000e0000000,0x00000000e049c190,0x00000000e2b00000)
 Metaspace       used 12364K, capacity 12812K, committed 13056K, reserved 1060864K
  class space    used 1644K, capacity 1772K, committed 1792K, reserved 1048576K
}
Event: 8.565 GC heap before
{Heap before GC invocations=5 (full 0):
 PSYoungGen      total 18944K, used 18936K [0x00000000f5580000, 0x00000000f6a80000, 0x0000000100000000)
  eden space 16384K, 100% used [0x00000000f5580000,0x00000000f6580000,0x00000000f6580000)
  from space 2560K, 99% used [0x00000000f6800000,0x00000000f6a7e050,0x00000000f6a80000)
  to   space 2560K, 0% used [0x00000000f6580000,0x00000000f6580000,0x00000000f6800000)
 ParOldGen       total 44032K, used 4720K [0x00000000e0000000, 0x00000000e2b00000, 0x00000000f5580000)
  object space 44032K, 10% used [0x00000000e0000000,0x00000000e049c190,0x00000000e2b00000)
 Metaspace       used 13755K, capacity 14160K, committed 14336K, reserved 1060864K
  class space    used 1894K, capacity 2030K, committed 2048K, reserved 1048576K
Event: 8.571 GC heap after
Heap after GC invocations=5 (full 0):
 PSYoungGen      total 18944K, used 2536K [0x00000000f5580000, 0x00000000f8080000, 0x0000000100000000)
  eden space 16384K, 0% used [0x00000000f5580000,0x00000000f5580000,0x00000000f6580000)
  from space 2560K, 99% used [0x00000000f6580000,0x00000000f67fa020,0x00000000f6800000)
  to   space 5632K, 0% used [0x00000000f7b00000,0x00000000f7b00000,0x00000000f8080000)
 ParOldGen       total 44032K, used 6638K [0x00000000e0000000, 0x00000000e2b00000, 0x00000000f5580000)
  object space 44032K, 15% used [0x00000000e0000000,0x00000000e067bbe0,0x00000000e2b00000)
 Metaspace       used 13755K, capacity 14160K, committed 14336K, reserved 1060864K
  class space    used 1894K, capacity 2030K, committed 2048K, reserved 1048576K
}
Event: 9.118 GC heap before
{Heap before GC invocations=6 (full 0):
 PSYoungGen      total 18944K, used 18920K [0x00000000f5580000, 0x00000000f8080000, 0x0000000100000000)
  eden space 16384K, 100% used [0x00000000f5580000,0x00000000f6580000,0x00000000f6580000)
  from space 2560K, 99% used [0x00000000f6580000,0x00000000f67fa020,0x00000000f6800000)
  to   space 5632K, 0% used [0x00000000f7b00000,0x00000000f7b00000,0x00000000f8080000)
 ParOldGen       total 44032K, used 6638K [0x00000000e0000000, 0x00000000e2b00000, 0x00000000f5580000)
  object space 44032K, 15% used [0x00000000e0000000,0x00000000e067bbe0,0x00000000e2b00000)
 Metaspace       used 15808K, capacity 16272K, committed 16512K, reserved 1062912K
  class space    used 2212K, capacity 2350K, committed 2432K, reserved 1048576K
Event: 9.133 GC heap after
Heap after GC invocations=6 (full 0):
 PSYoungGen      total 37888K, used 5200K [0x00000000f5580000, 0x00000000f8180000, 0x0000000100000000)
  eden space 32256K, 0% used [0x00000000f5580000,0x00000000f5580000,0x00000000f7500000)
  from space 5632K, 92% used [0x00000000f7b00000,0x00000000f8014210,0x00000000f8080000)
  to   space 6144K, 0% used [0x00000000f7500000,0x00000000f7500000,0x00000000f7b00000)
 ParOldGen       total 44032K, used 6646K [0x00000000e0000000, 0x00000000e2b00000, 0x00000000f5580000)
  object space 44032K, 15% used [0x00000000e0000000,0x00000000e067dbe0,0x00000000e2b00000)
 Metaspace       used 15808K, capacity 16272K, committed 16512K, reserved 1062912K
  class space    used 2212K, capacity 2350K, committed 2432K, reserved 1048576K
}

