# JRE version: OpenJDK Runtime Environment (8.0_152-b01) (build 1.8.0_152-release-915-b01)
# Java VM: OpenJDK 64-Bit Server VM (25.152-b01 mixed mode windows-amd64 compressed oops)
Heap:
 PSYoungGen      total 131072K, used 72531K [0x00000000f5580000, 0x00000000ffd80000, 0x0000000100000000)
  eden space 90112K, 58% used [0x00000000f5580000,0x00000000f88ad718,0x00000000fad80000)
  from space 40960K, 49% used [0x00000000fd580000,0x00000000fe9275d8,0x00000000ffd80000)
  to   space 3072K, 0% used [0x00000000fad80000,0x00000000fad80000,0x00000000fb080000)
 ParOldGen       total 182784K, used 83354K [0x00000000e0000000, 0x00000000eb280000, 0x00000000f5580000)
  object space 182784K, 45% used [0x00000000e0000000,0x00000000e5166a90,0x00000000eb280000)
 Metaspace       used 78118K, capacity 82700K, committed 82904K, reserved 1122304K
  class space    used 9702K, capacity 10704K, committed 10752K, reserved 1048576K
GC Heap History (10 events):
Event: 1015.083 GC heap before
{Heap before GC invocations=41 (full 5):
 PSYoungGen      total 129024K, used 91687K [0x00000000f5580000, 0x00000000ffe80000, 0x0000000100000000)
  eden space 89088K, 100% used [0x00000000f5580000,0x00000000fac80000,0x00000000fac80000)
  from space 39936K, 6% used [0x00000000fac80000,0x00000000faf09ec0,0x00000000fd380000)
  to   space 39424K, 0% used [0x00000000fd800000,0x00000000fd800000,0x00000000ffe80000)
 ParOldGen       total 182784K, used 82319K [0x00000000e0000000, 0x00000000eb280000, 0x00000000f5580000)
  object space 182784K, 45% used [0x00000000e0000000,0x00000000e5063cd8,0x00000000eb280000)
 Metaspace       used 75899K, capacity 79672K, committed 80600K, reserved 1120256K
  class space    used 9437K, capacity 10296K, committed 10496K, reserved 1048576K
Event: 1015.090 GC heap after
Heap after GC invocations=41 (full 5):
 PSYoungGen      total 133632K, used 4776K [0x00000000f5580000, 0x00000000ffd80000, 0x0000000100000000)
  eden space 95232K, 0% used [0x00000000f5580000,0x00000000f5580000,0x00000000fb280000)
  from space 38400K, 12% used [0x00000000fd800000,0x00000000fdcaa320,0x00000000ffd80000)
  to   space 38400K, 0% used [0x00000000fb280000,0x00000000fb280000,0x00000000fd800000)
 ParOldGen       total 182784K, used 82327K [0x00000000e0000000, 0x00000000eb280000, 0x00000000f5580000)
  object space 182784K, 45% used [0x00000000e0000000,0x00000000e5065cd8,0x00000000eb280000)
 Metaspace       used 75899K, capacity 79672K, committed 80600K, reserved 1120256K
  class space    used 9437K, capacity 10296K, committed 10496K, reserved 1048576K
}
Event: 1016.047 GC heap before
{Heap before GC invocations=42 (full 5):
 PSYoungGen      total 133632K, used 100008K [0x00000000f5580000, 0x00000000ffd80000, 0x0000000100000000)
  eden space 95232K, 100% used [0x00000000f5580000,0x00000000fb280000,0x00000000fb280000)
  from space 38400K, 12% used [0x00000000fd800000,0x00000000fdcaa320,0x00000000ffd80000)
  to   space 38400K, 0% used [0x00000000fb280000,0x00000000fb280000,0x00000000fd800000)
 ParOldGen       total 182784K, used 82327K [0x00000000e0000000, 0x00000000eb280000, 0x00000000f5580000)
  object space 182784K, 45% used [0x00000000e0000000,0x00000000e5065cd8,0x00000000eb280000)
 Metaspace       used 76670K, capacity 80490K, committed 80600K, reserved 1120256K
  class space    used 9521K, capacity 10401K, committed 10496K, reserved 1048576K
Event: 1016.083 GC heap after
Heap after GC invocations=42 (full 5):
 PSYoungGen      total 125440K, used 30196K [0x00000000f5580000, 0x0000000100000000, 0x0000000100000000)
  eden space 95232K, 0% used [0x00000000f5580000,0x00000000f5580000,0x00000000fb280000)
  from space 30208K, 99% used [0x00000000fb280000,0x00000000fcffd030,0x00000000fd000000)
  to   space 42496K, 0% used [0x00000000fd680000,0x00000000fd680000,0x0000000100000000)
 ParOldGen       total 182784K, used 82335K [0x00000000e0000000, 0x00000000eb280000, 0x00000000f5580000)
  object space 182784K, 45% used [0x00000000e0000000,0x00000000e5067cd8,0x00000000eb280000)
 Metaspace       used 76670K, capacity 80490K, committed 80600K, reserved 1120256K
  class space    used 9521K, capacity 10401K, committed 10496K, reserved 1048576K
}
Event: 1018.010 GC heap before
{Heap before GC invocations=43 (full 5):
 PSYoungGen      total 125440K, used 125428K [0x00000000f5580000, 0x0000000100000000, 0x0000000100000000)
  eden space 95232K, 100% used [0x00000000f5580000,0x00000000fb280000,0x00000000fb280000)
  from space 30208K, 99% used [0x00000000fb280000,0x00000000fcffd030,0x00000000fd000000)
  to   space 42496K, 0% used [0x00000000fd680000,0x00000000fd680000,0x0000000100000000)
 ParOldGen       total 182784K, used 82335K [0x00000000e0000000, 0x00000000eb280000, 0x00000000f5580000)
  object space 182784K, 45% used [0x00000000e0000000,0x00000000e5067cd8,0x00000000eb280000)
 Metaspace       used 76740K, capacity 80490K, committed 80600K, reserved 1120256K
  class space    used 9521K, capacity 10401K, committed 10496K, reserved 1048576K
Event: 1018.041 GC heap after
Heap after GC invocations=43 (full 5):
 PSYoungGen      total 132608K, used 20258K [0x00000000f5580000, 0x0000000100000000, 0x0000000100000000)
  eden space 90112K, 0% used [0x00000000f5580000,0x00000000f5580000,0x00000000fad80000)
  from space 42496K, 47% used [0x00000000fd680000,0x00000000fea48978,0x0000000100000000)
  to   space 41984K, 0% used [0x00000000fad80000,0x00000000fad80000,0x00000000fd680000)
 ParOldGen       total 182784K, used 82719K [0x00000000e0000000, 0x00000000eb280000, 0x00000000f5580000)
  object space 182784K, 45% used [0x00000000e0000000,0x00000000e50c7d18,0x00000000eb280000)
 Metaspace       used 76740K, capacity 80490K, committed 80600K, reserved 1120256K
  class space    used 9521K, capacity 10401K, committed 10496K, reserved 1048576K
}
Event: 1156.149 GC heap before
{Heap before GC invocations=44 (full 5):
 PSYoungGen      total 132608K, used 110363K [0x00000000f5580000, 0x0000000100000000, 0x0000000100000000)
  eden space 90112K, 99% used [0x00000000f5580000,0x00000000fad7e550,0x00000000fad80000)
  from space 42496K, 47% used [0x00000000fd680000,0x00000000fea48978,0x0000000100000000)
  to   space 41984K, 0% used [0x00000000fad80000,0x00000000fad80000,0x00000000fd680000)
 ParOldGen       total 182784K, used 82719K [0x00000000e0000000, 0x00000000eb280000, 0x00000000f5580000)
  object space 182784K, 45% used [0x00000000e0000000,0x00000000e50c7d18,0x00000000eb280000)
 Metaspace       used 76900K, capacity 80780K, committed 80856K, reserved 1120256K
  class space    used 9536K, capacity 10448K, committed 10496K, reserved 1048576K
Event: 1156.156 GC heap after
Heap after GC invocations=44 (full 5):
 PSYoungGen      total 93184K, used 2568K [0x00000000f5580000, 0x00000000ffd80000, 0x0000000100000000)
  eden space 90112K, 0% used [0x00000000f5580000,0x00000000f5580000,0x00000000fad80000)
  from space 3072K, 83% used [0x00000000fad80000,0x00000000fb002328,0x00000000fb080000)
  to   space 40960K, 0% used [0x00000000fd580000,0x00000000fd580000,0x00000000ffd80000)
 ParOldGen       total 182784K, used 83346K [0x00000000e0000000, 0x00000000eb280000, 0x00000000f5580000)
  object space 182784K, 45% used [0x00000000e0000000,0x00000000e5164a90,0x00000000eb280000)
 Metaspace       used 76900K, capacity 80780K, committed 80856K, reserved 1120256K
  class space    used 9536K, capacity 10448K, committed 10496K, reserved 1048576K
}
Event: 1157.562 GC heap before
{Heap before GC invocations=45 (full 5):
 PSYoungGen      total 93184K, used 92680K [0x00000000f5580000, 0x00000000ffd80000, 0x0000000100000000)
  eden space 90112K, 100% used [0x00000000f5580000,0x00000000fad80000,0x00000000fad80000)
  from space 3072K, 83% used [0x00000000fad80000,0x00000000fb002328,0x00000000fb080000)
  to   space 40960K, 0% used [0x00000000fd580000,0x00000000fd580000,0x00000000ffd80000)
 ParOldGen       total 182784K, used 83346K [0x00000000e0000000, 0x00000000eb280000, 0x00000000f5580000)
  object space 182784K, 45% used [0x00000000e0000000,0x00000000e5164a90,0x00000000eb280000)
 Metaspace       used 78099K, capacity 82636K, committed 82904K, reserved 1122304K
  class space    used 9702K, capacity 10704K, committed 10752K, reserved 1048576K
Event: 1157.582 GC heap after
Heap after GC invocations=45 (full 5):
 PSYoungGen      total 131072K, used 20125K [0x00000000f5580000, 0x00000000ffd80000, 0x0000000100000000)
  eden space 90112K, 0% used [0x00000000f5580000,0x00000000f5580000,0x00000000fad80000)
  from space 40960K, 49% used [0x00000000fd580000,0x00000000fe9275d8,0x00000000ffd80000)
  to   space 3072K, 0% used [0x00000000fad80000,0x00000000fad80000,0x00000000fb080000)
 ParOldGen       total 182784K, used 83354K [0x00000000e0000000, 0x00000000eb280000, 0x00000000f5580000)
  object space 182784K, 45% used [0x00000000e0000000,0x00000000e5166a90,0x00000000eb280000)
 Metaspace       used 78099K, capacity 82636K, committed 82904K, reserved 1122304K
  class space    used 9702K, capacity 10704K, committed 10752K, reserved 1048576K
}

