# JRE version: OpenJDK Runtime Environment (8.0_152-b01) (build 1.8.0_152-release-915-b01)
# Java VM: OpenJDK 64-Bit Server VM (25.152-b01 mixed mode windows-amd64 compressed oops)
Heap:
 PSYoungGen      total 126464K, used 24679K [0x00000000f5580000, 0x00000000fdc80000, 0x0000000100000000)
  eden space 115712K, 21% used [0x00000000f5580000,0x00000000f6d99cd0,0x00000000fc680000)
  from space 10752K, 0% used [0x00000000fc680000,0x00000000fc680000,0x00000000fd100000)
  to   space 9216K, 0% used [0x00000000fd100000,0x00000000fd100000,0x00000000fda00000)
 ParOldGen       total 50176K, used 16707K [0x00000000e0000000, 0x00000000e3100000, 0x00000000f5580000)
  object space 50176K, 33% used [0x00000000e0000000,0x00000000e1050e40,0x00000000e3100000)
 Metaspace       used 38067K, capacity 38966K, committed 39000K, reserved 1083392K
  class space    used 5144K, capacity 5494K, committed 5504K, reserved 1048576K
GC Heap History (10 events):
Event: 17.901 GC heap before
{Heap before GC invocations=7 (full 1):
 PSYoungGen      total 72192K, used 7197K [0x00000000f5580000, 0x00000000fa680000, 0x0000000100000000)
  eden space 64512K, 0% used [0x00000000f5580000,0x00000000f5580000,0x00000000f9480000)
  from space 7680K, 93% used [0x00000000f9d00000,0x00000000fa407648,0x00000000fa480000)
  to   space 8704K, 0% used [0x00000000f9480000,0x00000000f9480000,0x00000000f9d00000)
 ParOldGen       total 44032K, used 9185K [0x00000000e0000000, 0x00000000e2b00000, 0x00000000f5580000)
  object space 44032K, 20% used [0x00000000e0000000,0x00000000e08f87d8,0x00000000e2b00000)
 Metaspace       used 20662K, capacity 21080K, committed 21248K, reserved 1067008K
  class space    used 2843K, capacity 3007K, committed 3072K, reserved 1048576K
Event: 17.960 GC heap after
Heap after GC invocations=7 (full 1):
 PSYoungGen      total 72192K, used 0K [0x00000000f5580000, 0x00000000fa680000, 0x0000000100000000)
  eden space 64512K, 0% used [0x00000000f5580000,0x00000000f5580000,0x00000000f9480000)
  from space 7680K, 0% used [0x00000000f9d00000,0x00000000f9d00000,0x00000000fa480000)
  to   space 8704K, 0% used [0x00000000f9480000,0x00000000f9480000,0x00000000f9d00000)
 ParOldGen       total 36864K, used 12327K [0x00000000e0000000, 0x00000000e2400000, 0x00000000f5580000)
  object space 36864K, 33% used [0x00000000e0000000,0x00000000e0c09fa8,0x00000000e2400000)
 Metaspace       used 20662K, capacity 21080K, committed 21248K, reserved 1067008K
  class space    used 2843K, capacity 3007K, committed 3072K, reserved 1048576K
}
Event: 19.353 GC heap before
{Heap before GC invocations=8 (full 1):
 PSYoungGen      total 72192K, used 64512K [0x00000000f5580000, 0x00000000fa680000, 0x0000000100000000)
  eden space 64512K, 100% used [0x00000000f5580000,0x00000000f9480000,0x00000000f9480000)
  from space 7680K, 0% used [0x00000000f9d00000,0x00000000f9d00000,0x00000000fa480000)
  to   space 8704K, 0% used [0x00000000f9480000,0x00000000f9480000,0x00000000f9d00000)
 ParOldGen       total 36864K, used 12327K [0x00000000e0000000, 0x00000000e2400000, 0x00000000f5580000)
  object space 36864K, 33% used [0x00000000e0000000,0x00000000e0c09fa8,0x00000000e2400000)
 Metaspace       used 25488K, capacity 25946K, committed 26240K, reserved 1071104K
  class space    used 3516K, capacity 3682K, committed 3712K, reserved 1048576K
Event: 19.368 GC heap after
Heap after GC invocations=8 (full 1):
 PSYoungGen      total 73216K, used 6594K [0x00000000f5580000, 0x00000000fda00000, 0x0000000100000000)
  eden space 64512K, 0% used [0x00000000f5580000,0x00000000f5580000,0x00000000f9480000)
  from space 8704K, 75% used [0x00000000f9480000,0x00000000f9af0bb8,0x00000000f9d00000)
  to   space 9216K, 0% used [0x00000000fd100000,0x00000000fd100000,0x00000000fda00000)
 ParOldGen       total 36864K, used 12335K [0x00000000e0000000, 0x00000000e2400000, 0x00000000f5580000)
  object space 36864K, 33% used [0x00000000e0000000,0x00000000e0c0bfa8,0x00000000e2400000)
 Metaspace       used 25488K, capacity 25946K, committed 26240K, reserved 1071104K
  class space    used 3516K, capacity 3682K, committed 3712K, reserved 1048576K
}
Event: 21.122 GC heap before
{Heap before GC invocations=9 (full 1):
 PSYoungGen      total 73216K, used 71106K [0x00000000f5580000, 0x00000000fda00000, 0x0000000100000000)
  eden space 64512K, 100% used [0x00000000f5580000,0x00000000f9480000,0x00000000f9480000)
  from space 8704K, 75% used [0x00000000f9480000,0x00000000f9af0bb8,0x00000000f9d00000)
  to   space 9216K, 0% used [0x00000000fd100000,0x00000000fd100000,0x00000000fda00000)
 ParOldGen       total 36864K, used 12335K [0x00000000e0000000, 0x00000000e2400000, 0x00000000f5580000)
  object space 36864K, 33% used [0x00000000e0000000,0x00000000e0c0bfa8,0x00000000e2400000)
 Metaspace       used 31239K, capacity 31946K, committed 32256K, reserved 1077248K
  class space    used 4302K, capacity 4552K, committed 4608K, reserved 1048576K
Event: 21.143 GC heap after
Heap after GC invocations=9 (full 1):
 PSYoungGen      total 124928K, used 9202K [0x00000000f5580000, 0x00000000fdc80000, 0x0000000100000000)
  eden space 115712K, 0% used [0x00000000f5580000,0x00000000f5580000,0x00000000fc680000)
  from space 9216K, 99% used [0x00000000fd100000,0x00000000fd9fc8e8,0x00000000fda00000)
  to   space 10752K, 0% used [0x00000000fc680000,0x00000000fc680000,0x00000000fd100000)
 ParOldGen       total 36864K, used 12929K [0x00000000e0000000, 0x00000000e2400000, 0x00000000f5580000)
  object space 36864K, 35% used [0x00000000e0000000,0x00000000e0ca0790,0x00000000e2400000)
 Metaspace       used 31239K, capacity 31946K, committed 32256K, reserved 1077248K
  class space    used 4302K, capacity 4552K, committed 4608K, reserved 1048576K
}
Event: 22.970 GC heap before
{Heap before GC invocations=10 (full 1):
 PSYoungGen      total 124928K, used 81955K [0x00000000f5580000, 0x00000000fdc80000, 0x0000000100000000)
  eden space 115712K, 62% used [0x00000000f5580000,0x00000000f9c8c370,0x00000000fc680000)
  from space 9216K, 99% used [0x00000000fd100000,0x00000000fd9fc8e8,0x00000000fda00000)
  to   space 10752K, 0% used [0x00000000fc680000,0x00000000fc680000,0x00000000fd100000)
 ParOldGen       total 36864K, used 12929K [0x00000000e0000000, 0x00000000e2400000, 0x00000000f5580000)
  object space 36864K, 35% used [0x00000000e0000000,0x00000000e0ca0790,0x00000000e2400000)
 Metaspace       used 34452K, capacity 35240K, committed 35416K, reserved 1079296K
  class space    used 4684K, capacity 4974K, committed 4992K, reserved 1048576K
Event: 22.987 GC heap after
Heap after GC invocations=10 (full 1):
 PSYoungGen      total 126464K, used 10308K [0x00000000f5580000, 0x00000000fdc80000, 0x0000000100000000)
  eden space 115712K, 0% used [0x00000000f5580000,0x00000000f5580000,0x00000000fc680000)
  from space 10752K, 95% used [0x00000000fc680000,0x00000000fd091108,0x00000000fd100000)
  to   space 9216K, 0% used [0x00000000fd100000,0x00000000fd100000,0x00000000fda00000)
 ParOldGen       total 36864K, used 12937K [0x00000000e0000000, 0x00000000e2400000, 0x00000000f5580000)
  object space 36864K, 35% used [0x00000000e0000000,0x00000000e0ca2790,0x00000000e2400000)
 Metaspace       used 34452K, capacity 35240K, committed 35416K, reserved 1079296K
  class space    used 4684K, capacity 4974K, committed 4992K, reserved 1048576K
}
Event: 22.987 GC heap before
{Heap before GC invocations=11 (full 2):
 PSYoungGen      total 126464K, used 10308K [0x00000000f5580000, 0x00000000fdc80000, 0x0000000100000000)
  eden space 115712K, 0% used [0x00000000f5580000,0x00000000f5580000,0x00000000fc680000)
  from space 10752K, 95% used [0x00000000fc680000,0x00000000fd091108,0x00000000fd100000)
  to   space 9216K, 0% used [0x00000000fd100000,0x00000000fd100000,0x00000000fda00000)
 ParOldGen       total 36864K, used 12937K [0x00000000e0000000, 0x00000000e2400000, 0x00000000f5580000)
  object space 36864K, 35% used [0x00000000e0000000,0x00000000e0ca2790,0x00000000e2400000)
 Metaspace       used 34452K, capacity 35240K, committed 35416K, reserved 1079296K
  class space    used 4684K, capacity 4974K, committed 4992K, reserved 1048576K
Event: 23.094 GC heap after
Heap after GC invocations=11 (full 2):
 PSYoungGen      total 126464K, used 0K [0x00000000f5580000, 0x00000000fdc80000, 0x0000000100000000)
  eden space 115712K, 0% used [0x00000000f5580000,0x00000000f5580000,0x00000000fc680000)
  from space 10752K, 0% used [0x00000000fc680000,0x00000000fc680000,0x00000000fd100000)
  to   space 9216K, 0% used [0x00000000fd100000,0x00000000fd100000,0x00000000fda00000)
 ParOldGen       total 50176K, used 16707K [0x00000000e0000000, 0x00000000e3100000, 0x00000000f5580000)
  object space 50176K, 33% used [0x00000000e0000000,0x00000000e1050e40,0x00000000e3100000)
 Metaspace       used 34452K, capacity 35240K, committed 35416K, reserved 1079296K
  class space    used 4684K, capacity 4974K, committed 4992K, reserved 1048576K
}

