# JRE version: OpenJDK Runtime Environment (8.0_152-b01) (build 1.8.0_152-release-915-b01)
# Java VM: OpenJDK 64-Bit Server VM (25.152-b01 mixed mode windows-amd64 compressed oops)
Heap:
 PSYoungGen      total 394752K, used 263245K [0x00000000e0000000, 0x00000000ff000000, 0x0000000100000000)
  eden space 339456K, 74% used [0x00000000e0000000,0x00000000ef5bda30,0x00000000f4b80000)
  from space 55296K, 20% used [0x00000000f4b80000,0x00000000f56d5c60,0x00000000f8180000)
  to   space 54784K, 0% used [0x00000000fba80000,0x00000000fba80000,0x00000000ff000000)
 ParOldGen       total 98304K, used 69896K [0x00000000a0000000, 0x00000000a6000000, 0x00000000e0000000)
  object space 98304K, 71% used [0x00000000a0000000,0x00000000a4442388,0x00000000a6000000)
 Metaspace       used 79947K, capacity 84956K, committed 85208K, reserved 1124352K
  class space    used 9910K, capacity 10983K, committed 11008K, reserved 1048576K
GC Heap History (10 events):
Event: 739.747 GC heap before
{Heap before GC invocations=26 (full 3):
 PSYoungGen      total 276480K, used 250389K [0x00000000e0000000, 0x00000000f6680000, 0x0000000100000000)
  eden space 218112K, 99% used [0x00000000e0000000,0x00000000ed4ff138,0x00000000ed500000)
  from space 58368K, 55% used [0x00000000f0d80000,0x00000000f2d06510,0x00000000f4680000)
  to   space 57856K, 0% used [0x00000000ed500000,0x00000000ed500000,0x00000000f0d80000)
 ParOldGen       total 98304K, used 44998K [0x00000000a0000000, 0x00000000a6000000, 0x00000000e0000000)
  object space 98304K, 45% used [0x00000000a0000000,0x00000000a2bf19d0,0x00000000a6000000)
 Metaspace       used 76094K, capacity 79520K, committed 79704K, reserved 1118208K
  class space    used 9514K, capacity 10283K, committed 10368K, reserved 1048576K
Event: 739.834 GC heap after
Heap after GC invocations=26 (full 3):
 PSYoungGen      total 275968K, used 34303K [0x00000000e0000000, 0x00000000f8c00000, 0x0000000100000000)
  eden space 218112K, 0% used [0x00000000e0000000,0x00000000e0000000,0x00000000ed500000)
  from space 57856K, 59% used [0x00000000ed500000,0x00000000ef67fc78,0x00000000f0d80000)
  to   space 58368K, 0% used [0x00000000f5300000,0x00000000f5300000,0x00000000f8c00000)
 ParOldGen       total 98304K, used 45006K [0x00000000a0000000, 0x00000000a6000000, 0x00000000e0000000)
  object space 98304K, 45% used [0x00000000a0000000,0x00000000a2bf39d0,0x00000000a6000000)
 Metaspace       used 76094K, capacity 79520K, committed 79704K, reserved 1118208K
  class space    used 9514K, capacity 10283K, committed 10368K, reserved 1048576K
}
Event: 768.464 GC heap before
{Heap before GC invocations=27 (full 3):
 PSYoungGen      total 275968K, used 252415K [0x00000000e0000000, 0x00000000f8c00000, 0x0000000100000000)
  eden space 218112K, 100% used [0x00000000e0000000,0x00000000ed500000,0x00000000ed500000)
  from space 57856K, 59% used [0x00000000ed500000,0x00000000ef67fc78,0x00000000f0d80000)
  to   space 58368K, 0% used [0x00000000f5300000,0x00000000f5300000,0x00000000f8c00000)
 ParOldGen       total 98304K, used 45006K [0x00000000a0000000, 0x00000000a6000000, 0x00000000e0000000)
  object space 98304K, 45% used [0x00000000a0000000,0x00000000a2bf39d0,0x00000000a6000000)
 Metaspace       used 76331K, capacity 79976K, committed 80216K, reserved 1120256K
  class space    used 9531K, capacity 10335K, committed 10368K, reserved 1048576K
Event: 768.533 GC heap after
Heap after GC invocations=27 (full 3):
 PSYoungGen      total 336896K, used 34201K [0x00000000e0000000, 0x00000000f8680000, 0x0000000100000000)
  eden space 284160K, 0% used [0x00000000e0000000,0x00000000e0000000,0x00000000f1580000)
  from space 52736K, 64% used [0x00000000f5300000,0x00000000f74667d0,0x00000000f8680000)
  to   space 57856K, 0% used [0x00000000f1580000,0x00000000f1580000,0x00000000f4e00000)
 ParOldGen       total 98304K, used 45014K [0x00000000a0000000, 0x00000000a6000000, 0x00000000e0000000)
  object space 98304K, 45% used [0x00000000a0000000,0x00000000a2bf59d0,0x00000000a6000000)
 Metaspace       used 76331K, capacity 79976K, committed 80216K, reserved 1120256K
  class space    used 9531K, capacity 10335K, committed 10368K, reserved 1048576K
}
Event: 7828.269 GC heap before
{Heap before GC invocations=28 (full 3):
 PSYoungGen      total 336896K, used 318361K [0x00000000e0000000, 0x00000000f8680000, 0x0000000100000000)
  eden space 284160K, 100% used [0x00000000e0000000,0x00000000f1580000,0x00000000f1580000)
  from space 52736K, 64% used [0x00000000f5300000,0x00000000f74667d0,0x00000000f8680000)
  to   space 57856K, 0% used [0x00000000f1580000,0x00000000f1580000,0x00000000f4e00000)
 ParOldGen       total 98304K, used 45014K [0x00000000a0000000, 0x00000000a6000000, 0x00000000e0000000)
  object space 98304K, 45% used [0x00000000a0000000,0x00000000a2bf59d0,0x00000000a6000000)
 Metaspace       used 76654K, capacity 80488K, committed 80600K, reserved 1120256K
  class space    used 9550K, capacity 10387K, committed 10496K, reserved 1048576K
Event: 7828.937 GC heap after
Heap after GC invocations=28 (full 3):
 PSYoungGen      total 342016K, used 31495K [0x00000000e0000000, 0x00000000fbf00000, 0x0000000100000000)
  eden space 284160K, 0% used [0x00000000e0000000,0x00000000e0000000,0x00000000f1580000)
  from space 57856K, 54% used [0x00000000f1580000,0x00000000f3441d30,0x00000000f4e00000)
  to   space 56832K, 0% used [0x00000000f8780000,0x00000000f8780000,0x00000000fbf00000)
 ParOldGen       total 98304K, used 45022K [0x00000000a0000000, 0x00000000a6000000, 0x00000000e0000000)
  object space 98304K, 45% used [0x00000000a0000000,0x00000000a2bf79d0,0x00000000a6000000)
 Metaspace       used 76654K, capacity 80488K, committed 80600K, reserved 1120256K
  class space    used 9550K, capacity 10387K, committed 10496K, reserved 1048576K
}
Event: 7840.828 GC heap before
{Heap before GC invocations=29 (full 3):
 PSYoungGen      total 342016K, used 315655K [0x00000000e0000000, 0x00000000fbf00000, 0x0000000100000000)
  eden space 284160K, 100% used [0x00000000e0000000,0x00000000f1580000,0x00000000f1580000)
  from space 57856K, 54% used [0x00000000f1580000,0x00000000f3441d30,0x00000000f4e00000)
  to   space 56832K, 0% used [0x00000000f8780000,0x00000000f8780000,0x00000000fbf00000)
 ParOldGen       total 98304K, used 45022K [0x00000000a0000000, 0x00000000a6000000, 0x00000000e0000000)
  object space 98304K, 45% used [0x00000000a0000000,0x00000000a2bf79d0,0x00000000a6000000)
 Metaspace       used 78095K, capacity 82166K, committed 82264K, reserved 1120256K
  class space    used 9690K, capacity 10586K, committed 10624K, reserved 1048576K
Event: 7840.913 GC heap after
Heap after GC invocations=29 (full 3):
 PSYoungGen      total 388608K, used 19654K [0x00000000e0000000, 0x00000000fb780000, 0x0000000100000000)
  eden space 339456K, 0% used [0x00000000e0000000,0x00000000e0000000,0x00000000f4b80000)
  from space 49152K, 39% used [0x00000000f8780000,0x00000000f9ab1898,0x00000000fb780000)
  to   space 55296K, 0% used [0x00000000f4b80000,0x00000000f4b80000,0x00000000f8180000)
 ParOldGen       total 98304K, used 67734K [0x00000000a0000000, 0x00000000a6000000, 0x00000000e0000000)
  object space 98304K, 68% used [0x00000000a0000000,0x00000000a42259d8,0x00000000a6000000)
 Metaspace       used 78095K, capacity 82166K, committed 82264K, reserved 1120256K
  class space    used 9690K, capacity 10586K, committed 10624K, reserved 1048576K
}
Event: 8028.982 GC heap before
{Heap before GC invocations=30 (full 3):
 PSYoungGen      total 388608K, used 359110K [0x00000000e0000000, 0x00000000fb780000, 0x0000000100000000)
  eden space 339456K, 100% used [0x00000000e0000000,0x00000000f4b80000,0x00000000f4b80000)
  from space 49152K, 39% used [0x00000000f8780000,0x00000000f9ab1898,0x00000000fb780000)
  to   space 55296K, 0% used [0x00000000f4b80000,0x00000000f4b80000,0x00000000f8180000)
 ParOldGen       total 98304K, used 67734K [0x00000000a0000000, 0x00000000a6000000, 0x00000000e0000000)
  object space 98304K, 68% used [0x00000000a0000000,0x00000000a42259d8,0x00000000a6000000)
 Metaspace       used 78652K, capacity 83126K, committed 83288K, reserved 1122304K
  class space    used 9760K, capacity 10754K, committed 10880K, reserved 1048576K
Event: 8029.160 GC heap after
Heap after GC invocations=30 (full 3):
 PSYoungGen      total 394752K, used 11607K [0x00000000e0000000, 0x00000000ff000000, 0x0000000100000000)
  eden space 339456K, 0% used [0x00000000e0000000,0x00000000e0000000,0x00000000f4b80000)
  from space 55296K, 20% used [0x00000000f4b80000,0x00000000f56d5c60,0x00000000f8180000)
  to   space 54784K, 0% used [0x00000000fba80000,0x00000000fba80000,0x00000000ff000000)
 ParOldGen       total 98304K, used 69896K [0x00000000a0000000, 0x00000000a6000000, 0x00000000e0000000)
  object space 98304K, 71% used [0x00000000a0000000,0x00000000a4442388,0x00000000a6000000)
 Metaspace       used 78652K, capacity 83126K, committed 83288K, reserved 1122304K
  class space    used 9760K, capacity 10754K, committed 10880K, reserved 1048576K
}

