# JRE version: OpenJDK Runtime Environment (8.0_152-b01) (build 1.8.0_152-release-915-b01)
# Java VM: OpenJDK 64-Bit Server VM (25.152-b01 mixed mode windows-amd64 compressed oops)
Heap:
 PSYoungGen      total 210944K, used 162693K [0x00000000e0000000, 0x00000000f1300000, 0x0000000100000000)
  eden space 195584K, 83% used [0x00000000e0000000,0x00000000e9ee1680,0x00000000ebf00000)
  from space 15360K, 0% used [0x00000000ebf00000,0x00000000ebf00000,0x00000000ece00000)
  to   space 23040K, 0% used [0x00000000efc80000,0x00000000efc80000,0x00000000f1300000)
 ParOldGen       total 58368K, used 58291K [0x00000000a0000000, 0x00000000a3900000, 0x00000000e0000000)
  object space 58368K, 99% used [0x00000000a0000000,0x00000000a38ecff0,0x00000000a3900000)
 Metaspace       used 59421K, capacity 61376K, committed 61528K, reserved 1101824K
  class space    used 7752K, capacity 8231K, committed 8320K, reserved 1048576K
GC Heap History (10 events):
Event: 21.846 GC heap before
{Heap before GC invocations=18 (full 3):
 PSYoungGen      total 201216K, used 200360K [0x00000000e0000000, 0x00000000edd00000, 0x0000000100000000)
  eden space 195584K, 100% used [0x00000000e0000000,0x00000000ebf00000,0x00000000ebf00000)
  from space 5632K, 84% used [0x00000000ed780000,0x00000000edc2a030,0x00000000edd00000)
  to   space 15360K, 0% used [0x00000000ebf00000,0x00000000ebf00000,0x00000000ece00000)
 ParOldGen       total 58368K, used 36891K [0x00000000a0000000, 0x00000000a3900000, 0x00000000e0000000)
  object space 58368K, 63% used [0x00000000a0000000,0x00000000a2406ff0,0x00000000a3900000)
 Metaspace       used 58020K, capacity 60000K, committed 60376K, reserved 1101824K
  class space    used 7600K, capacity 8081K, committed 8192K, reserved 1048576K
Event: 21.862 GC heap after
Heap after GC invocations=18 (full 3):
 PSYoungGen      total 210944K, used 6380K [0x00000000e0000000, 0x00000000f0500000, 0x0000000100000000)
  eden space 195584K, 0% used [0x00000000e0000000,0x00000000e0000000,0x00000000ebf00000)
  from space 15360K, 41% used [0x00000000ebf00000,0x00000000ec53b0b0,0x00000000ece00000)
  to   space 14848K, 0% used [0x00000000ef680000,0x00000000ef680000,0x00000000f0500000)
 ParOldGen       total 58368K, used 36907K [0x00000000a0000000, 0x00000000a3900000, 0x00000000e0000000)
  object space 58368K, 63% used [0x00000000a0000000,0x00000000a240aff0,0x00000000a3900000)
 Metaspace       used 58020K, capacity 60000K, committed 60376K, reserved 1101824K
  class space    used 7600K, capacity 8081K, committed 8192K, reserved 1048576K
}
Event: 24.044 GC heap before
{Heap before GC invocations=19 (full 3):
 PSYoungGen      total 210944K, used 201964K [0x00000000e0000000, 0x00000000f0500000, 0x0000000100000000)
  eden space 195584K, 100% used [0x00000000e0000000,0x00000000ebf00000,0x00000000ebf00000)
  from space 15360K, 41% used [0x00000000ebf00000,0x00000000ec53b0b0,0x00000000ece00000)
  to   space 14848K, 0% used [0x00000000ef680000,0x00000000ef680000,0x00000000f0500000)
 ParOldGen       total 58368K, used 36907K [0x00000000a0000000, 0x00000000a3900000, 0x00000000e0000000)
  object space 58368K, 63% used [0x00000000a0000000,0x00000000a240aff0,0x00000000a3900000)
 Metaspace       used 58133K, capacity 60092K, committed 60376K, reserved 1101824K
  class space    used 7608K, capacity 8085K, committed 8192K, reserved 1048576K
Event: 24.130 GC heap after
Heap after GC invocations=19 (full 3):
 PSYoungGen      total 210432K, used 14832K [0x00000000e0000000, 0x00000000f0500000, 0x0000000100000000)
  eden space 195584K, 0% used [0x00000000e0000000,0x00000000e0000000,0x00000000ebf00000)
  from space 14848K, 99% used [0x00000000ef680000,0x00000000f04fc178,0x00000000f0500000)
  to   space 15360K, 0% used [0x00000000ebf00000,0x00000000ebf00000,0x00000000ece00000)
 ParOldGen       total 58368K, used 37486K [0x00000000a0000000, 0x00000000a3900000, 0x00000000e0000000)
  object space 58368K, 64% used [0x00000000a0000000,0x00000000a249b888,0x00000000a3900000)
 Metaspace       used 58133K, capacity 60092K, committed 60376K, reserved 1101824K
  class space    used 7608K, capacity 8085K, committed 8192K, reserved 1048576K
}
Event: 25.628 GC heap before
{Heap before GC invocations=20 (full 3):
 PSYoungGen      total 210432K, used 210416K [0x00000000e0000000, 0x00000000f0500000, 0x0000000100000000)
  eden space 195584K, 100% used [0x00000000e0000000,0x00000000ebf00000,0x00000000ebf00000)
  from space 14848K, 99% used [0x00000000ef680000,0x00000000f04fc178,0x00000000f0500000)
  to   space 15360K, 0% used [0x00000000ebf00000,0x00000000ebf00000,0x00000000ece00000)
 ParOldGen       total 58368K, used 37486K [0x00000000a0000000, 0x00000000a3900000, 0x00000000e0000000)
  object space 58368K, 64% used [0x00000000a0000000,0x00000000a249b888,0x00000000a3900000)
 Metaspace       used 58486K, capacity 60474K, committed 60632K, reserved 1101824K
  class space    used 7656K, capacity 8124K, committed 8192K, reserved 1048576K
Event: 25.673 GC heap after
Heap after GC invocations=20 (full 3):
 PSYoungGen      total 210944K, used 15333K [0x00000000e0000000, 0x00000000f1300000, 0x0000000100000000)
  eden space 195584K, 0% used [0x00000000e0000000,0x00000000e0000000,0x00000000ebf00000)
  from space 15360K, 99% used [0x00000000ebf00000,0x00000000ecdf95c8,0x00000000ece00000)
  to   space 23040K, 0% used [0x00000000efc80000,0x00000000efc80000,0x00000000f1300000)
 ParOldGen       total 58368K, used 48913K [0x00000000a0000000, 0x00000000a3900000, 0x00000000e0000000)
  object space 58368K, 83% used [0x00000000a0000000,0x00000000a2fc4438,0x00000000a3900000)
 Metaspace       used 58486K, capacity 60474K, committed 60632K, reserved 1101824K
  class space    used 7656K, capacity 8124K, committed 8192K, reserved 1048576K
}
Event: 25.673 GC heap before
{Heap before GC invocations=21 (full 4):
 PSYoungGen      total 210944K, used 15333K [0x00000000e0000000, 0x00000000f1300000, 0x0000000100000000)
  eden space 195584K, 0% used [0x00000000e0000000,0x00000000e0000000,0x00000000ebf00000)
  from space 15360K, 99% used [0x00000000ebf00000,0x00000000ecdf95c8,0x00000000ece00000)
  to   space 23040K, 0% used [0x00000000efc80000,0x00000000efc80000,0x00000000f1300000)
 ParOldGen       total 58368K, used 48913K [0x00000000a0000000, 0x00000000a3900000, 0x00000000e0000000)
  object space 58368K, 83% used [0x00000000a0000000,0x00000000a2fc4438,0x00000000a3900000)
 Metaspace       used 58486K, capacity 60474K, committed 60632K, reserved 1101824K
  class space    used 7656K, capacity 8124K, committed 8192K, reserved 1048576K
Event: 25.901 GC heap after
Heap after GC invocations=21 (full 4):
 PSYoungGen      total 210944K, used 0K [0x00000000e0000000, 0x00000000f1300000, 0x0000000100000000)
  eden space 195584K, 0% used [0x00000000e0000000,0x00000000e0000000,0x00000000ebf00000)
  from space 15360K, 0% used [0x00000000ebf00000,0x00000000ebf00000,0x00000000ece00000)
  to   space 23040K, 0% used [0x00000000efc80000,0x00000000efc80000,0x00000000f1300000)
 ParOldGen       total 58368K, used 57719K [0x00000000a0000000, 0x00000000a3900000, 0x00000000e0000000)
  object space 58368K, 98% used [0x00000000a0000000,0x00000000a385ddd0,0x00000000a3900000)
 Metaspace       used 58486K, capacity 60474K, committed 60632K, reserved 1101824K
  class space    used 7656K, capacity 8124K, committed 8192K, reserved 1048576K
}
Event: 26.996 GC heap before
{Heap before GC invocations=22 (full 5):
 PSYoungGen      total 210944K, used 195584K [0x00000000e0000000, 0x00000000f1300000, 0x0000000100000000)
  eden space 195584K, 100% used [0x00000000e0000000,0x00000000ebf00000,0x00000000ebf00000)
  from space 15360K, 0% used [0x00000000ebf00000,0x00000000ebf00000,0x00000000ece00000)
  to   space 23040K, 0% used [0x00000000efc80000,0x00000000efc80000,0x00000000f1300000)
 ParOldGen       total 58368K, used 57719K [0x00000000a0000000, 0x00000000a3900000, 0x00000000e0000000)
  object space 58368K, 98% used [0x00000000a0000000,0x00000000a385ddd0,0x00000000a3900000)
 Metaspace       used 59099K, capacity 61052K, committed 61144K, reserved 1101824K
  class space    used 7719K, capacity 8189K, committed 8192K, reserved 1048576K
Event: 27.421 GC heap after
Heap after GC invocations=22 (full 5):
 PSYoungGen      total 210944K, used 21465K [0x00000000e0000000, 0x00000000f1300000, 0x0000000100000000)
  eden space 195584K, 10% used [0x00000000e0000000,0x00000000e14f6740,0x00000000ebf00000)
  from space 15360K, 0% used [0x00000000ebf00000,0x00000000ebf00000,0x00000000ece00000)
  to   space 23040K, 0% used [0x00000000efc80000,0x00000000efc80000,0x00000000f1300000)
 ParOldGen       total 58368K, used 58291K [0x00000000a0000000, 0x00000000a3900000, 0x00000000e0000000)
  object space 58368K, 99% used [0x00000000a0000000,0x00000000a38ecff0,0x00000000a3900000)
 Metaspace       used 59099K, capacity 61052K, committed 61144K, reserved 1101824K
  class space    used 7719K, capacity 8189K, committed 8192K, reserved 1048576K
}

