# JRE version: OpenJDK Runtime Environment (8.0_152-b01) (build 1.8.0_152-release-915-b01)
# Java VM: OpenJDK 64-Bit Server VM (25.152-b01 mixed mode windows-amd64 compressed oops)
Heap:
 PSYoungGen      total 101376K, used 13569K [0x00000000f5580000, 0x00000000fcc00000, 0x0000000100000000)
  eden space 92672K, 5% used [0x00000000f5580000,0x00000000f5a41d70,0x00000000fb000000)
  from space 8704K, 99% used [0x00000000fba80000,0x00000000fc2fe948,0x00000000fc300000)
  to   space 10752K, 0% used [0x00000000fb000000,0x00000000fb000000,0x00000000fba80000)
 ParOldGen       total 42496K, used 13429K [0x00000000e0000000, 0x00000000e2980000, 0x00000000f5580000)
  object space 42496K, 31% used [0x00000000e0000000,0x00000000e0d1d530,0x00000000e2980000)
 Metaspace       used 31260K, capacity 31982K, committed 32256K, reserved 1077248K
  class space    used 4314K, capacity 4584K, committed 4608K, reserved 1048576K
GC Heap History (10 events):
Event: 2.660 GC heap before
{Heap before GC invocations=5 (full 0):
 PSYoungGen      total 35328K, used 35304K [0x00000000f5580000, 0x00000000f7a80000, 0x0000000100000000)
  eden space 32768K, 100% used [0x00000000f5580000,0x00000000f7580000,0x00000000f7580000)
  from space 2560K, 99% used [0x00000000f7800000,0x00000000f7a7a020,0x00000000f7a80000)
  to   space 2560K, 0% used [0x00000000f7580000,0x00000000f7580000,0x00000000f7800000)
 ParOldGen       total 44032K, used 4807K [0x00000000e0000000, 0x00000000e2b00000, 0x00000000f5580000)
  object space 44032K, 10% used [0x00000000e0000000,0x00000000e04b1c28,0x00000000e2b00000)
 Metaspace       used 15769K, capacity 16200K, committed 16512K, reserved 1062912K
  class space    used 2211K, capacity 2348K, committed 2432K, reserved 1048576K
Event: 2.669 GC heap after
Heap after GC invocations=5 (full 0):
 PSYoungGen      total 35328K, used 2536K [0x00000000f5580000, 0x00000000fa480000, 0x0000000100000000)
  eden space 32768K, 0% used [0x00000000f5580000,0x00000000f5580000,0x00000000f7580000)
  from space 2560K, 99% used [0x00000000f7580000,0x00000000f77fa020,0x00000000f7800000)
  to   space 7680K, 0% used [0x00000000f9d00000,0x00000000f9d00000,0x00000000fa480000)
 ParOldGen       total 44032K, used 9332K [0x00000000e0000000, 0x00000000e2b00000, 0x00000000f5580000)
  object space 44032K, 21% used [0x00000000e0000000,0x00000000e091d0f8,0x00000000e2b00000)
 Metaspace       used 15769K, capacity 16200K, committed 16512K, reserved 1062912K
  class space    used 2211K, capacity 2348K, committed 2432K, reserved 1048576K
}
Event: 3.688 GC heap before
{Heap before GC invocations=6 (full 0):
 PSYoungGen      total 35328K, used 29882K [0x00000000f5580000, 0x00000000fa480000, 0x0000000100000000)
  eden space 32768K, 83% used [0x00000000f5580000,0x00000000f70349b8,0x00000000f7580000)
  from space 2560K, 99% used [0x00000000f7580000,0x00000000f77fa020,0x00000000f7800000)
  to   space 7680K, 0% used [0x00000000f9d00000,0x00000000f9d00000,0x00000000fa480000)
 ParOldGen       total 44032K, used 9332K [0x00000000e0000000, 0x00000000e2b00000, 0x00000000f5580000)
  object space 44032K, 21% used [0x00000000e0000000,0x00000000e091d0f8,0x00000000e2b00000)
 Metaspace       used 20636K, capacity 21084K, committed 21248K, reserved 1067008K
  class space    used 2846K, capacity 3007K, committed 3072K, reserved 1048576K
Event: 3.698 GC heap after
Heap after GC invocations=6 (full 0):
 PSYoungGen      total 72192K, used 7185K [0x00000000f5580000, 0x00000000fa680000, 0x0000000100000000)
  eden space 64512K, 0% used [0x00000000f5580000,0x00000000f5580000,0x00000000f9480000)
  from space 7680K, 93% used [0x00000000f9d00000,0x00000000fa404488,0x00000000fa480000)
  to   space 8704K, 0% used [0x00000000f9480000,0x00000000f9480000,0x00000000f9d00000)
 ParOldGen       total 44032K, used 9340K [0x00000000e0000000, 0x00000000e2b00000, 0x00000000f5580000)
  object space 44032K, 21% used [0x00000000e0000000,0x00000000e091f0f8,0x00000000e2b00000)
 Metaspace       used 20636K, capacity 21084K, committed 21248K, reserved 1067008K
  class space    used 2846K, capacity 3007K, committed 3072K, reserved 1048576K
}
Event: 3.698 GC heap before
{Heap before GC invocations=7 (full 1):
 PSYoungGen      total 72192K, used 7185K [0x00000000f5580000, 0x00000000fa680000, 0x0000000100000000)
  eden space 64512K, 0% used [0x00000000f5580000,0x00000000f5580000,0x00000000f9480000)
  from space 7680K, 93% used [0x00000000f9d00000,0x00000000fa404488,0x00000000fa480000)
  to   space 8704K, 0% used [0x00000000f9480000,0x00000000f9480000,0x00000000f9d00000)
 ParOldGen       total 44032K, used 9340K [0x00000000e0000000, 0x00000000e2b00000, 0x00000000f5580000)
  object space 44032K, 21% used [0x00000000e0000000,0x00000000e091f0f8,0x00000000e2b00000)
 Metaspace       used 20636K, capacity 21084K, committed 21248K, reserved 1067008K
  class space    used 2846K, capacity 3007K, committed 3072K, reserved 1048576K
Event: 3.747 GC heap after
Heap after GC invocations=7 (full 1):
 PSYoungGen      total 72192K, used 0K [0x00000000f5580000, 0x00000000fa680000, 0x0000000100000000)
  eden space 64512K, 0% used [0x00000000f5580000,0x00000000f5580000,0x00000000f9480000)
  from space 7680K, 0% used [0x00000000f9d00000,0x00000000f9d00000,0x00000000fa480000)
  to   space 8704K, 0% used [0x00000000f9480000,0x00000000f9480000,0x00000000f9d00000)
 ParOldGen       total 42496K, used 12331K [0x00000000e0000000, 0x00000000e2980000, 0x00000000f5580000)
  object space 42496K, 29% used [0x00000000e0000000,0x00000000e0c0ae40,0x00000000e2980000)
 Metaspace       used 20636K, capacity 21084K, committed 21248K, reserved 1067008K
  class space    used 2846K, capacity 3007K, committed 3072K, reserved 1048576K
}
Event: 5.385 GC heap before
{Heap before GC invocations=8 (full 1):
 PSYoungGen      total 72192K, used 64512K [0x00000000f5580000, 0x00000000fa680000, 0x0000000100000000)
  eden space 64512K, 100% used [0x00000000f5580000,0x00000000f9480000,0x00000000f9480000)
  from space 7680K, 0% used [0x00000000f9d00000,0x00000000f9d00000,0x00000000fa480000)
  to   space 8704K, 0% used [0x00000000f9480000,0x00000000f9480000,0x00000000f9d00000)
 ParOldGen       total 42496K, used 12331K [0x00000000e0000000, 0x00000000e2980000, 0x00000000f5580000)
  object space 42496K, 29% used [0x00000000e0000000,0x00000000e0c0ae40,0x00000000e2980000)
 Metaspace       used 25532K, capacity 26014K, committed 26240K, reserved 1071104K
  class space    used 3528K, capacity 3682K, committed 3712K, reserved 1048576K
Event: 5.397 GC heap after
Heap after GC invocations=8 (full 1):
 PSYoungGen      total 73216K, used 6537K [0x00000000f5580000, 0x00000000fc300000, 0x0000000100000000)
  eden space 64512K, 0% used [0x00000000f5580000,0x00000000f5580000,0x00000000f9480000)
  from space 8704K, 75% used [0x00000000f9480000,0x00000000f9ae24e0,0x00000000f9d00000)
  to   space 8704K, 0% used [0x00000000fba80000,0x00000000fba80000,0x00000000fc300000)
 ParOldGen       total 42496K, used 12339K [0x00000000e0000000, 0x00000000e2980000, 0x00000000f5580000)
  object space 42496K, 29% used [0x00000000e0000000,0x00000000e0c0ce40,0x00000000e2980000)
 Metaspace       used 25532K, capacity 26014K, committed 26240K, reserved 1071104K
  class space    used 3528K, capacity 3682K, committed 3712K, reserved 1048576K
}
Event: 6.635 GC heap before
{Heap before GC invocations=9 (full 1):
 PSYoungGen      total 73216K, used 71049K [0x00000000f5580000, 0x00000000fc300000, 0x0000000100000000)
  eden space 64512K, 100% used [0x00000000f5580000,0x00000000f9480000,0x00000000f9480000)
  from space 8704K, 75% used [0x00000000f9480000,0x00000000f9ae24e0,0x00000000f9d00000)
  to   space 8704K, 0% used [0x00000000fba80000,0x00000000fba80000,0x00000000fc300000)
 ParOldGen       total 42496K, used 12339K [0x00000000e0000000, 0x00000000e2980000, 0x00000000f5580000)
  object space 42496K, 29% used [0x00000000e0000000,0x00000000e0c0ce40,0x00000000e2980000)
 Metaspace       used 31208K, capacity 31854K, committed 32000K, reserved 1077248K
  class space    used 4314K, capacity 4584K, committed 4608K, reserved 1048576K
Event: 6.670 GC heap after
Heap after GC invocations=9 (full 1):
 PSYoungGen      total 101376K, used 8698K [0x00000000f5580000, 0x00000000fcc00000, 0x0000000100000000)
  eden space 92672K, 0% used [0x00000000f5580000,0x00000000f5580000,0x00000000fb000000)
  from space 8704K, 99% used [0x00000000fba80000,0x00000000fc2fe948,0x00000000fc300000)
  to   space 10752K, 0% used [0x00000000fb000000,0x00000000fb000000,0x00000000fba80000)
 ParOldGen       total 42496K, used 13429K [0x00000000e0000000, 0x00000000e2980000, 0x00000000f5580000)
  object space 42496K, 31% used [0x00000000e0000000,0x00000000e0d1d530,0x00000000e2980000)
 Metaspace       used 31208K, capacity 31854K, committed 32000K, reserved 1077248K
  class space    used 4314K, capacity 4584K, committed 4608K, reserved 1048576K
}

